CRITICAL - 2025-03-20 18:59:30 --> CodeIgniter\View\Exceptions\ViewException: Invalid file: "layout.php"
in SYSTEMPATH\Exceptions\FrameworkException.php on line 39.
 1 SYSTEMPATH\View\View.php(216): CodeIgniter\Exceptions\FrameworkException::forInvalidFile('layout.php')
 2 SYSTEMPATH\View\View.php(244): CodeIgniter\View\View->render('layout', [], true)
 3 SYSTEMPATH\Common.php(1178): CodeIgniter\View\View->render('footer', [], true)
 4 APPPATH\Views\createGuesthouse.php(82): view('footer')
 5 SYSTEMPATH\View\View.php(228): include('C:\\xampp\\htdocs\\locationMaisons\\app\\Views\\createGuesthouse.php')
 6 SYSTEMPATH\View\View.php(231): CodeIgniter\View\View->CodeIgniter\View\{closure}()
 7 SYSTEMPATH\Common.php(1178): CodeIgniter\View\View->render('createGuesthouse', [], true)
 8 APPPATH\Controllers\GuesthouseController.php(12): view('createGuesthouse')
 9 SYSTEMPATH\CodeIgniter.php(941): App\Controllers\GuesthouseController->create()
10 SYSTEMPATH\CodeIgniter.php(502): CodeIgniter\CodeIgniter->runController(Object(App\Controllers\GuesthouseController))
11 SYSTEMPATH\CodeIgniter.php(361): CodeIgniter\CodeIgniter->handleRequest(null, Object(Config\Cache), false)
12 FCPATH\index.php(79): CodeIgniter\CodeIgniter->run()
CRITICAL - 2025-03-20 19:02:10 --> ParseError: syntax error, unexpected token ";"
in APPPATH\Views\createGuesthouse.php on line 33.
 1 SYSTEMPATH\View\View.php(231): CodeIgniter\View\View->CodeIgniter\View\{closure}()
 2 SYSTEMPATH\Common.php(1178): CodeIgniter\View\View->render('createGuesthouse', [], true)
 3 APPPATH\Controllers\GuesthouseController.php(12): view('createGuesthouse')
 4 SYSTEMPATH\CodeIgniter.php(941): App\Controllers\GuesthouseController->create()
 5 SYSTEMPATH\CodeIgniter.php(502): CodeIgniter\CodeIgniter->runController(Object(App\Controllers\GuesthouseController))
 6 SYSTEMPATH\CodeIgniter.php(361): CodeIgniter\CodeIgniter->handleRequest(null, Object(Config\Cache), false)
 7 FCPATH\index.php(79): CodeIgniter\CodeIgniter->run()
CRITICAL - 2025-03-20 19:02:17 --> ParseError: syntax error, unexpected token ";"
in APPPATH\Views\createGuesthouse.php on line 33.
 1 SYSTEMPATH\View\View.php(231): CodeIgniter\View\View->CodeIgniter\View\{closure}()
 2 SYSTEMPATH\Common.php(1178): CodeIgniter\View\View->render('createGuesthouse', [], true)
 3 APPPATH\Controllers\GuesthouseController.php(12): view('createGuesthouse')
 4 SYSTEMPATH\CodeIgniter.php(941): App\Controllers\GuesthouseController->create()
 5 SYSTEMPATH\CodeIgniter.php(502): CodeIgniter\CodeIgniter->runController(Object(App\Controllers\GuesthouseController))
 6 SYSTEMPATH\CodeIgniter.php(361): CodeIgniter\CodeIgniter->handleRequest(null, Object(Config\Cache), false)
 7 FCPATH\index.php(79): CodeIgniter\CodeIgniter->run()
CRITICAL - 2025-03-20 19:02:45 --> ParseError: syntax error, unexpected token ";"
in APPPATH\Views\createGuesthouse.php on line 33.
 1 SYSTEMPATH\View\View.php(231): CodeIgniter\View\View->CodeIgniter\View\{closure}()
 2 SYSTEMPATH\Common.php(1178): CodeIgniter\View\View->render('createGuesthouse', [], true)
 3 APPPATH\Controllers\GuesthouseController.php(12): view('createGuesthouse')
 4 SYSTEMPATH\CodeIgniter.php(941): App\Controllers\GuesthouseController->create()
 5 SYSTEMPATH\CodeIgniter.php(502): CodeIgniter\CodeIgniter->runController(Object(App\Controllers\GuesthouseController))
 6 SYSTEMPATH\CodeIgniter.php(361): CodeIgniter\CodeIgniter->handleRequest(null, Object(Config\Cache), false)
 7 FCPATH\index.php(79): CodeIgniter\CodeIgniter->run()
CRITICAL - 2025-03-20 19:02:53 --> ParseError: syntax error, unexpected token ";"
in APPPATH\Views\createGuesthouse.php on line 33.
 1 SYSTEMPATH\View\View.php(231): CodeIgniter\View\View->CodeIgniter\View\{closure}()
 2 SYSTEMPATH\Common.php(1178): CodeIgniter\View\View->render('createGuesthouse', [], true)
 3 APPPATH\Controllers\GuesthouseController.php(12): view('createGuesthouse')
 4 SYSTEMPATH\CodeIgniter.php(941): App\Controllers\GuesthouseController->create()
 5 SYSTEMPATH\CodeIgniter.php(502): CodeIgniter\CodeIgniter->runController(Object(App\Controllers\GuesthouseController))
 6 SYSTEMPATH\CodeIgniter.php(361): CodeIgniter\CodeIgniter->handleRequest(null, Object(Config\Cache), false)
 7 FCPATH\index.php(79): CodeIgniter\CodeIgniter->run()
CRITICAL - 2025-03-20 19:03:59 --> ParseError: syntax error, unexpected token ";"
in APPPATH\Views\createGuesthouse.php on line 33.
 1 SYSTEMPATH\View\View.php(231): CodeIgniter\View\View->CodeIgniter\View\{closure}()
 2 SYSTEMPATH\Common.php(1178): CodeIgniter\View\View->render('createGuesthouse', [], true)
 3 APPPATH\Controllers\GuesthouseController.php(12): view('createGuesthouse')
 4 SYSTEMPATH\CodeIgniter.php(941): App\Controllers\GuesthouseController->create()
 5 SYSTEMPATH\CodeIgniter.php(502): CodeIgniter\CodeIgniter->runController(Object(App\Controllers\GuesthouseController))
 6 SYSTEMPATH\CodeIgniter.php(361): CodeIgniter\CodeIgniter->handleRequest(null, Object(Config\Cache), false)
 7 FCPATH\index.php(79): CodeIgniter\CodeIgniter->run()
CRITICAL - 2025-03-20 19:04:21 --> ParseError: syntax error, unexpected token ";"
in APPPATH\Views\createGuesthouse.php on line 33.
 1 SYSTEMPATH\View\View.php(231): CodeIgniter\View\View->CodeIgniter\View\{closure}()
 2 SYSTEMPATH\Common.php(1178): CodeIgniter\View\View->render('createGuesthouse', [], true)
 3 APPPATH\Controllers\GuesthouseController.php(12): view('createGuesthouse')
 4 SYSTEMPATH\CodeIgniter.php(941): App\Controllers\GuesthouseController->create()
 5 SYSTEMPATH\CodeIgniter.php(502): CodeIgniter\CodeIgniter->runController(Object(App\Controllers\GuesthouseController))
 6 SYSTEMPATH\CodeIgniter.php(361): CodeIgniter\CodeIgniter->handleRequest(null, Object(Config\Cache), false)
 7 FCPATH\index.php(79): CodeIgniter\CodeIgniter->run()
CRITICAL - 2025-03-20 19:08:28 --> ParseError: syntax error, unexpected token ";"
in APPPATH\Views\createGuesthouse.php on line 33.
 1 SYSTEMPATH\View\View.php(231): CodeIgniter\View\View->CodeIgniter\View\{closure}()
 2 SYSTEMPATH\Common.php(1178): CodeIgniter\View\View->render('createGuesthouse', [], true)
 3 APPPATH\Controllers\GuesthouseController.php(12): view('createGuesthouse')
 4 SYSTEMPATH\CodeIgniter.php(941): App\Controllers\GuesthouseController->create()
 5 SYSTEMPATH\CodeIgniter.php(502): CodeIgniter\CodeIgniter->runController(Object(App\Controllers\GuesthouseController))
 6 SYSTEMPATH\CodeIgniter.php(361): CodeIgniter\CodeIgniter->handleRequest(null, Object(Config\Cache), false)
 7 FCPATH\index.php(79): CodeIgniter\CodeIgniter->run()
INFO - 2025-03-20 19:09:05 --> Session: Class initialized using 'CodeIgniter\Session\Handlers\FileHandler' driver.
ERROR - 2025-03-20 19:09:52 --> mysqli_sql_exception: Table 'locationmaison.guesthouses' doesn't exist in C:\xampp\htdocs\locationMaisons\system\Database\MySQLi\Connection.php:306
Stack trace:
#0 C:\xampp\htdocs\locationMaisons\system\Database\MySQLi\Connection.php(306): mysqli->query('INSERT INTO `Gu...', 0)
#1 C:\xampp\htdocs\locationMaisons\system\Database\BaseConnection.php(693): CodeIgniter\Database\MySQLi\Connection->execute('INSERT INTO `Gu...')
#2 C:\xampp\htdocs\locationMaisons\system\Database\BaseConnection.php(607): CodeIgniter\Database\BaseConnection->simpleQuery('INSERT INTO `Gu...')
#3 C:\xampp\htdocs\locationMaisons\system\Database\BaseBuilder.php(2302): CodeIgniter\Database\BaseConnection->query('INSERT INTO `Gu...', Array, false)
#4 C:\xampp\htdocs\locationMaisons\system\Model.php(326): CodeIgniter\Database\BaseBuilder->insert()
#5 C:\xampp\htdocs\locationMaisons\system\BaseModel.php(802): CodeIgniter\Model->doInsert(Array)
#6 C:\xampp\htdocs\locationMaisons\system\Model.php(744): CodeIgniter\BaseModel->insert(Array, true)
#7 C:\xampp\htdocs\locationMaisons\app\Controllers\GuesthouseController.php(63): CodeIgniter\Model->insert(Array)
#8 C:\xampp\htdocs\locationMaisons\system\CodeIgniter.php(941): App\Controllers\GuesthouseController->store()
#9 C:\xampp\htdocs\locationMaisons\system\CodeIgniter.php(502): CodeIgniter\CodeIgniter->runController(Object(App\Controllers\GuesthouseController))
#10 C:\xampp\htdocs\locationMaisons\system\CodeIgniter.php(361): CodeIgniter\CodeIgniter->handleRequest(NULL, Object(Config\Cache), false)
#11 C:\xampp\htdocs\locationMaisons\index.php(79): CodeIgniter\CodeIgniter->run()
#12 {main}
CRITICAL - 2025-03-20 19:09:52 --> CodeIgniter\Database\Exceptions\DatabaseException: Table 'locationmaison.guesthouses' doesn't exist
in SYSTEMPATH\Database\BaseConnection.php on line 647.
 1 SYSTEMPATH\Database\BaseBuilder.php(2302): CodeIgniter\Database\BaseConnection->query('INSERT INTO `Guesthouses` (`titre`, `detail`, `village`, `pays`, `attractions`, `idAdmin`, `photos`) VALUES (:titre:, :detail:, :village:, :pays:, :attractions:, :idAdmin:, :photos:)', [...], false)
 2 SYSTEMPATH\Model.php(326): CodeIgniter\Database\BaseBuilder->insert()
 3 SYSTEMPATH\BaseModel.php(802): CodeIgniter\Model->doInsert([...])
 4 SYSTEMPATH\Model.php(744): CodeIgniter\BaseModel->insert([...], true)
 5 APPPATH\Controllers\GuesthouseController.php(63): CodeIgniter\Model->insert([...])
 6 SYSTEMPATH\CodeIgniter.php(941): App\Controllers\GuesthouseController->store()
 7 SYSTEMPATH\CodeIgniter.php(502): CodeIgniter\CodeIgniter->runController(Object(App\Controllers\GuesthouseController))
 8 SYSTEMPATH\CodeIgniter.php(361): CodeIgniter\CodeIgniter->handleRequest(null, Object(Config\Cache), false)
 9 FCPATH\index.php(79): CodeIgniter\CodeIgniter->run()
CRITICAL - 2025-03-20 19:09:52 --> [Caused by] CodeIgniter\Database\Exceptions\DatabaseException: Table 'locationmaison.guesthouses' doesn't exist
in SYSTEMPATH\Database\MySQLi\Connection.php on line 311.
 1 SYSTEMPATH\Database\BaseConnection.php(693): CodeIgniter\Database\MySQLi\Connection->execute('INSERT INTO `Guesthouses` (`titre`, `detail`, `village`, `pays`, `attractions`, `idAdmin`, `photos`) VALUES (\'dorian\', \'dshdsjsdsds\', \'dsds\', \'FR\', \'sssd\', 1, \'[\\"C:\\\\\\\\xampp\\\\\\\\htdocs\\\\\\\\locationMaisons\\\\\\\\writable\\\\\\\\uploads\\\\/guesthouses\\\\/guesthouse_67dc6800a2dca4.67540353.jpg\\"]\')')
 2 SYSTEMPATH\Database\BaseConnection.php(607): CodeIgniter\Database\BaseConnection->simpleQuery('INSERT INTO `Guesthouses` (`titre`, `detail`, `village`, `pays`, `attractions`, `idAdmin`, `photos`) VALUES (\'dorian\', \'dshdsjsdsds\', \'dsds\', \'FR\', \'sssd\', 1, \'[\\"C:\\\\\\\\xampp\\\\\\\\htdocs\\\\\\\\locationMaisons\\\\\\\\writable\\\\\\\\uploads\\\\/guesthouses\\\\/guesthouse_67dc6800a2dca4.67540353.jpg\\"]\')')
 3 SYSTEMPATH\Database\BaseBuilder.php(2302): CodeIgniter\Database\BaseConnection->query('INSERT INTO `Guesthouses` (`titre`, `detail`, `village`, `pays`, `attractions`, `idAdmin`, `photos`) VALUES (:titre:, :detail:, :village:, :pays:, :attractions:, :idAdmin:, :photos:)', [...], false)
 4 SYSTEMPATH\Model.php(326): CodeIgniter\Database\BaseBuilder->insert()
 5 SYSTEMPATH\BaseModel.php(802): CodeIgniter\Model->doInsert([...])
 6 SYSTEMPATH\Model.php(744): CodeIgniter\BaseModel->insert([...], true)
 7 APPPATH\Controllers\GuesthouseController.php(63): CodeIgniter\Model->insert([...])
 8 SYSTEMPATH\CodeIgniter.php(941): App\Controllers\GuesthouseController->store()
 9 SYSTEMPATH\CodeIgniter.php(502): CodeIgniter\CodeIgniter->runController(Object(App\Controllers\GuesthouseController))
10 SYSTEMPATH\CodeIgniter.php(361): CodeIgniter\CodeIgniter->handleRequest(null, Object(Config\Cache), false)
11 FCPATH\index.php(79): CodeIgniter\CodeIgniter->run()
CRITICAL - 2025-03-20 19:09:52 --> [Caused by] mysqli_sql_exception: Table 'locationmaison.guesthouses' doesn't exist
in SYSTEMPATH\Database\MySQLi\Connection.php on line 306.
 1 SYSTEMPATH\Database\MySQLi\Connection.php(306): mysqli->query('INSERT INTO `Guesthouses` (`titre`, `detail`, `village`, `pays`, `attractions`, `idAdmin`, `photos`) VALUES (\'dorian\', \'dshdsjsdsds\', \'dsds\', \'FR\', \'sssd\', 1, \'[\\"C:\\\\\\\\xampp\\\\\\\\htdocs\\\\\\\\locationMaisons\\\\\\\\writable\\\\\\\\uploads\\\\/guesthouses\\\\/guesthouse_67dc6800a2dca4.67540353.jpg\\"]\')', 0)
 2 SYSTEMPATH\Database\BaseConnection.php(693): CodeIgniter\Database\MySQLi\Connection->execute('INSERT INTO `Guesthouses` (`titre`, `detail`, `village`, `pays`, `attractions`, `idAdmin`, `photos`) VALUES (\'dorian\', \'dshdsjsdsds\', \'dsds\', \'FR\', \'sssd\', 1, \'[\\"C:\\\\\\\\xampp\\\\\\\\htdocs\\\\\\\\locationMaisons\\\\\\\\writable\\\\\\\\uploads\\\\/guesthouses\\\\/guesthouse_67dc6800a2dca4.67540353.jpg\\"]\')')
 3 SYSTEMPATH\Database\BaseConnection.php(607): CodeIgniter\Database\BaseConnection->simpleQuery('INSERT INTO `Guesthouses` (`titre`, `detail`, `village`, `pays`, `attractions`, `idAdmin`, `photos`) VALUES (\'dorian\', \'dshdsjsdsds\', \'dsds\', \'FR\', \'sssd\', 1, \'[\\"C:\\\\\\\\xampp\\\\\\\\htdocs\\\\\\\\locationMaisons\\\\\\\\writable\\\\\\\\uploads\\\\/guesthouses\\\\/guesthouse_67dc6800a2dca4.67540353.jpg\\"]\')')
 4 SYSTEMPATH\Database\BaseBuilder.php(2302): CodeIgniter\Database\BaseConnection->query('INSERT INTO `Guesthouses` (`titre`, `detail`, `village`, `pays`, `attractions`, `idAdmin`, `photos`) VALUES (:titre:, :detail:, :village:, :pays:, :attractions:, :idAdmin:, :photos:)', [...], false)
 5 SYSTEMPATH\Model.php(326): CodeIgniter\Database\BaseBuilder->insert()
 6 SYSTEMPATH\BaseModel.php(802): CodeIgniter\Model->doInsert([...])
 7 SYSTEMPATH\Model.php(744): CodeIgniter\BaseModel->insert([...], true)
 8 APPPATH\Controllers\GuesthouseController.php(63): CodeIgniter\Model->insert([...])
 9 SYSTEMPATH\CodeIgniter.php(941): App\Controllers\GuesthouseController->store()
10 SYSTEMPATH\CodeIgniter.php(502): CodeIgniter\CodeIgniter->runController(Object(App\Controllers\GuesthouseController))
11 SYSTEMPATH\CodeIgniter.php(361): CodeIgniter\CodeIgniter->handleRequest(null, Object(Config\Cache), false)
12 FCPATH\index.php(79): CodeIgniter\CodeIgniter->run()
INFO - 2025-03-20 19:11:40 --> Session: Class initialized using 'CodeIgniter\Session\Handlers\FileHandler' driver.
INFO - 2025-03-20 19:11:42 --> Session: Class initialized using 'CodeIgniter\Session\Handlers\FileHandler' driver.
INFO - 2025-03-20 19:13:58 --> Session: Class initialized using 'CodeIgniter\Session\Handlers\FileHandler' driver.
INFO - 2025-03-20 19:14:01 --> Session: Class initialized using 'CodeIgniter\Session\Handlers\FileHandler' driver.
ERROR - 2025-03-20 19:14:16 --> mysqli_sql_exception: Table 'locationmaison.guesthouses' doesn't exist in C:\xampp\htdocs\locationMaisons\system\Database\MySQLi\Connection.php:306
Stack trace:
#0 C:\xampp\htdocs\locationMaisons\system\Database\MySQLi\Connection.php(306): mysqli->query('INSERT INTO `Gu...', 0)
#1 C:\xampp\htdocs\locationMaisons\system\Database\BaseConnection.php(693): CodeIgniter\Database\MySQLi\Connection->execute('INSERT INTO `Gu...')
#2 C:\xampp\htdocs\locationMaisons\system\Database\BaseConnection.php(607): CodeIgniter\Database\BaseConnection->simpleQuery('INSERT INTO `Gu...')
#3 C:\xampp\htdocs\locationMaisons\system\Database\BaseBuilder.php(2302): CodeIgniter\Database\BaseConnection->query('INSERT INTO `Gu...', Array, false)
#4 C:\xampp\htdocs\locationMaisons\system\Model.php(326): CodeIgniter\Database\BaseBuilder->insert()
#5 C:\xampp\htdocs\locationMaisons\system\BaseModel.php(802): CodeIgniter\Model->doInsert(Array)
#6 C:\xampp\htdocs\locationMaisons\system\Model.php(744): CodeIgniter\BaseModel->insert(Array, true)
#7 C:\xampp\htdocs\locationMaisons\app\Controllers\GuesthouseController.php(63): CodeIgniter\Model->insert(Array)
#8 C:\xampp\htdocs\locationMaisons\system\CodeIgniter.php(941): App\Controllers\GuesthouseController->store()
#9 C:\xampp\htdocs\locationMaisons\system\CodeIgniter.php(502): CodeIgniter\CodeIgniter->runController(Object(App\Controllers\GuesthouseController))
#10 C:\xampp\htdocs\locationMaisons\system\CodeIgniter.php(361): CodeIgniter\CodeIgniter->handleRequest(NULL, Object(Config\Cache), false)
#11 C:\xampp\htdocs\locationMaisons\index.php(79): CodeIgniter\CodeIgniter->run()
#12 {main}
CRITICAL - 2025-03-20 19:14:16 --> CodeIgniter\Database\Exceptions\DatabaseException: Table 'locationmaison.guesthouses' doesn't exist
in SYSTEMPATH\Database\BaseConnection.php on line 647.
 1 SYSTEMPATH\Database\BaseBuilder.php(2302): CodeIgniter\Database\BaseConnection->query('INSERT INTO `Guesthouses` (`titre`, `detail`, `village`, `pays`, `attractions`, `idAdmin`, `photos`) VALUES (:titre:, :detail:, :village:, :pays:, :attractions:, :idAdmin:, :photos:)', [...], false)
 2 SYSTEMPATH\Model.php(326): CodeIgniter\Database\BaseBuilder->insert()
 3 SYSTEMPATH\BaseModel.php(802): CodeIgniter\Model->doInsert([...])
 4 SYSTEMPATH\Model.php(744): CodeIgniter\BaseModel->insert([...], true)
 5 APPPATH\Controllers\GuesthouseController.php(63): CodeIgniter\Model->insert([...])
 6 SYSTEMPATH\CodeIgniter.php(941): App\Controllers\GuesthouseController->store()
 7 SYSTEMPATH\CodeIgniter.php(502): CodeIgniter\CodeIgniter->runController(Object(App\Controllers\GuesthouseController))
 8 SYSTEMPATH\CodeIgniter.php(361): CodeIgniter\CodeIgniter->handleRequest(null, Object(Config\Cache), false)
 9 FCPATH\index.php(79): CodeIgniter\CodeIgniter->run()
CRITICAL - 2025-03-20 19:14:16 --> [Caused by] CodeIgniter\Database\Exceptions\DatabaseException: Table 'locationmaison.guesthouses' doesn't exist
in SYSTEMPATH\Database\MySQLi\Connection.php on line 311.
 1 SYSTEMPATH\Database\BaseConnection.php(693): CodeIgniter\Database\MySQLi\Connection->execute('INSERT INTO `Guesthouses` (`titre`, `detail`, `village`, `pays`, `attractions`, `idAdmin`, `photos`) VALUES (\'d\', \'dd\', \'d\', \'FR\', \'d\', 1, \'[\\"C:\\\\\\\\xampp\\\\\\\\htdocs\\\\\\\\locationMaisons\\\\\\\\writable\\\\\\\\uploads\\\\/guesthouses\\\\/guesthouse_67dc690864e136.99778473.jpg\\"]\')')
 2 SYSTEMPATH\Database\BaseConnection.php(607): CodeIgniter\Database\BaseConnection->simpleQuery('INSERT INTO `Guesthouses` (`titre`, `detail`, `village`, `pays`, `attractions`, `idAdmin`, `photos`) VALUES (\'d\', \'dd\', \'d\', \'FR\', \'d\', 1, \'[\\"C:\\\\\\\\xampp\\\\\\\\htdocs\\\\\\\\locationMaisons\\\\\\\\writable\\\\\\\\uploads\\\\/guesthouses\\\\/guesthouse_67dc690864e136.99778473.jpg\\"]\')')
 3 SYSTEMPATH\Database\BaseBuilder.php(2302): CodeIgniter\Database\BaseConnection->query('INSERT INTO `Guesthouses` (`titre`, `detail`, `village`, `pays`, `attractions`, `idAdmin`, `photos`) VALUES (:titre:, :detail:, :village:, :pays:, :attractions:, :idAdmin:, :photos:)', [...], false)
 4 SYSTEMPATH\Model.php(326): CodeIgniter\Database\BaseBuilder->insert()
 5 SYSTEMPATH\BaseModel.php(802): CodeIgniter\Model->doInsert([...])
 6 SYSTEMPATH\Model.php(744): CodeIgniter\BaseModel->insert([...], true)
 7 APPPATH\Controllers\GuesthouseController.php(63): CodeIgniter\Model->insert([...])
 8 SYSTEMPATH\CodeIgniter.php(941): App\Controllers\GuesthouseController->store()
 9 SYSTEMPATH\CodeIgniter.php(502): CodeIgniter\CodeIgniter->runController(Object(App\Controllers\GuesthouseController))
10 SYSTEMPATH\CodeIgniter.php(361): CodeIgniter\CodeIgniter->handleRequest(null, Object(Config\Cache), false)
11 FCPATH\index.php(79): CodeIgniter\CodeIgniter->run()
CRITICAL - 2025-03-20 19:14:16 --> [Caused by] mysqli_sql_exception: Table 'locationmaison.guesthouses' doesn't exist
in SYSTEMPATH\Database\MySQLi\Connection.php on line 306.
 1 SYSTEMPATH\Database\MySQLi\Connection.php(306): mysqli->query('INSERT INTO `Guesthouses` (`titre`, `detail`, `village`, `pays`, `attractions`, `idAdmin`, `photos`) VALUES (\'d\', \'dd\', \'d\', \'FR\', \'d\', 1, \'[\\"C:\\\\\\\\xampp\\\\\\\\htdocs\\\\\\\\locationMaisons\\\\\\\\writable\\\\\\\\uploads\\\\/guesthouses\\\\/guesthouse_67dc690864e136.99778473.jpg\\"]\')', 0)
 2 SYSTEMPATH\Database\BaseConnection.php(693): CodeIgniter\Database\MySQLi\Connection->execute('INSERT INTO `Guesthouses` (`titre`, `detail`, `village`, `pays`, `attractions`, `idAdmin`, `photos`) VALUES (\'d\', \'dd\', \'d\', \'FR\', \'d\', 1, \'[\\"C:\\\\\\\\xampp\\\\\\\\htdocs\\\\\\\\locationMaisons\\\\\\\\writable\\\\\\\\uploads\\\\/guesthouses\\\\/guesthouse_67dc690864e136.99778473.jpg\\"]\')')
 3 SYSTEMPATH\Database\BaseConnection.php(607): CodeIgniter\Database\BaseConnection->simpleQuery('INSERT INTO `Guesthouses` (`titre`, `detail`, `village`, `pays`, `attractions`, `idAdmin`, `photos`) VALUES (\'d\', \'dd\', \'d\', \'FR\', \'d\', 1, \'[\\"C:\\\\\\\\xampp\\\\\\\\htdocs\\\\\\\\locationMaisons\\\\\\\\writable\\\\\\\\uploads\\\\/guesthouses\\\\/guesthouse_67dc690864e136.99778473.jpg\\"]\')')
 4 SYSTEMPATH\Database\BaseBuilder.php(2302): CodeIgniter\Database\BaseConnection->query('INSERT INTO `Guesthouses` (`titre`, `detail`, `village`, `pays`, `attractions`, `idAdmin`, `photos`) VALUES (:titre:, :detail:, :village:, :pays:, :attractions:, :idAdmin:, :photos:)', [...], false)
 5 SYSTEMPATH\Model.php(326): CodeIgniter\Database\BaseBuilder->insert()
 6 SYSTEMPATH\BaseModel.php(802): CodeIgniter\Model->doInsert([...])
 7 SYSTEMPATH\Model.php(744): CodeIgniter\BaseModel->insert([...], true)
 8 APPPATH\Controllers\GuesthouseController.php(63): CodeIgniter\Model->insert([...])
 9 SYSTEMPATH\CodeIgniter.php(941): App\Controllers\GuesthouseController->store()
10 SYSTEMPATH\CodeIgniter.php(502): CodeIgniter\CodeIgniter->runController(Object(App\Controllers\GuesthouseController))
11 SYSTEMPATH\CodeIgniter.php(361): CodeIgniter\CodeIgniter->handleRequest(null, Object(Config\Cache), false)
12 FCPATH\index.php(79): CodeIgniter\CodeIgniter->run()
ERROR - 2025-03-20 19:18:12 --> mysqli_sql_exception: Table 'locationmaison.guesthouses' doesn't exist in C:\xampp\htdocs\locationMaisons\system\Database\MySQLi\Connection.php:306
Stack trace:
#0 C:\xampp\htdocs\locationMaisons\system\Database\MySQLi\Connection.php(306): mysqli->query('INSERT INTO `Gu...', 0)
#1 C:\xampp\htdocs\locationMaisons\system\Database\BaseConnection.php(693): CodeIgniter\Database\MySQLi\Connection->execute('INSERT INTO `Gu...')
#2 C:\xampp\htdocs\locationMaisons\system\Database\BaseConnection.php(607): CodeIgniter\Database\BaseConnection->simpleQuery('INSERT INTO `Gu...')
#3 C:\xampp\htdocs\locationMaisons\system\Database\BaseBuilder.php(2302): CodeIgniter\Database\BaseConnection->query('INSERT INTO `Gu...', Array, false)
#4 C:\xampp\htdocs\locationMaisons\system\Model.php(326): CodeIgniter\Database\BaseBuilder->insert()
#5 C:\xampp\htdocs\locationMaisons\system\BaseModel.php(802): CodeIgniter\Model->doInsert(Array)
#6 C:\xampp\htdocs\locationMaisons\system\Model.php(744): CodeIgniter\BaseModel->insert(Array, true)
#7 C:\xampp\htdocs\locationMaisons\app\Controllers\GuesthouseController.php(63): CodeIgniter\Model->insert(Array)
#8 C:\xampp\htdocs\locationMaisons\system\CodeIgniter.php(941): App\Controllers\GuesthouseController->store()
#9 C:\xampp\htdocs\locationMaisons\system\CodeIgniter.php(502): CodeIgniter\CodeIgniter->runController(Object(App\Controllers\GuesthouseController))
#10 C:\xampp\htdocs\locationMaisons\system\CodeIgniter.php(361): CodeIgniter\CodeIgniter->handleRequest(NULL, Object(Config\Cache), false)
#11 C:\xampp\htdocs\locationMaisons\index.php(79): CodeIgniter\CodeIgniter->run()
#12 {main}
CRITICAL - 2025-03-20 19:18:12 --> CodeIgniter\Database\Exceptions\DatabaseException: Table 'locationmaison.guesthouses' doesn't exist
in SYSTEMPATH\Database\BaseConnection.php on line 647.
 1 SYSTEMPATH\Database\BaseBuilder.php(2302): CodeIgniter\Database\BaseConnection->query('INSERT INTO `Guesthouses` (`titre`, `detail`, `village`, `pays`, `attractions`, `idAdmin`, `photos`) VALUES (:titre:, :detail:, :village:, :pays:, :attractions:, :idAdmin:, :photos:)', [...], false)
 2 SYSTEMPATH\Model.php(326): CodeIgniter\Database\BaseBuilder->insert()
 3 SYSTEMPATH\BaseModel.php(802): CodeIgniter\Model->doInsert([...])
 4 SYSTEMPATH\Model.php(744): CodeIgniter\BaseModel->insert([...], true)
 5 APPPATH\Controllers\GuesthouseController.php(63): CodeIgniter\Model->insert([...])
 6 SYSTEMPATH\CodeIgniter.php(941): App\Controllers\GuesthouseController->store()
 7 SYSTEMPATH\CodeIgniter.php(502): CodeIgniter\CodeIgniter->runController(Object(App\Controllers\GuesthouseController))
 8 SYSTEMPATH\CodeIgniter.php(361): CodeIgniter\CodeIgniter->handleRequest(null, Object(Config\Cache), false)
 9 FCPATH\index.php(79): CodeIgniter\CodeIgniter->run()
CRITICAL - 2025-03-20 19:18:12 --> [Caused by] CodeIgniter\Database\Exceptions\DatabaseException: Table 'locationmaison.guesthouses' doesn't exist
in SYSTEMPATH\Database\MySQLi\Connection.php on line 311.
 1 SYSTEMPATH\Database\BaseConnection.php(693): CodeIgniter\Database\MySQLi\Connection->execute('INSERT INTO `Guesthouses` (`titre`, `detail`, `village`, `pays`, `attractions`, `idAdmin`, `photos`) VALUES (\'d\', \'dd\', \'d\', \'FR\', \'d\', 1, \'[\\"C:\\\\\\\\xampp\\\\\\\\htdocs\\\\\\\\locationMaisons\\\\\\\\writable\\\\\\\\uploads\\\\/guesthouses\\\\/guesthouse_67dc69f4ba0f74.87848528.jpg\\"]\')')
 2 SYSTEMPATH\Database\BaseConnection.php(607): CodeIgniter\Database\BaseConnection->simpleQuery('INSERT INTO `Guesthouses` (`titre`, `detail`, `village`, `pays`, `attractions`, `idAdmin`, `photos`) VALUES (\'d\', \'dd\', \'d\', \'FR\', \'d\', 1, \'[\\"C:\\\\\\\\xampp\\\\\\\\htdocs\\\\\\\\locationMaisons\\\\\\\\writable\\\\\\\\uploads\\\\/guesthouses\\\\/guesthouse_67dc69f4ba0f74.87848528.jpg\\"]\')')
 3 SYSTEMPATH\Database\BaseBuilder.php(2302): CodeIgniter\Database\BaseConnection->query('INSERT INTO `Guesthouses` (`titre`, `detail`, `village`, `pays`, `attractions`, `idAdmin`, `photos`) VALUES (:titre:, :detail:, :village:, :pays:, :attractions:, :idAdmin:, :photos:)', [...], false)
 4 SYSTEMPATH\Model.php(326): CodeIgniter\Database\BaseBuilder->insert()
 5 SYSTEMPATH\BaseModel.php(802): CodeIgniter\Model->doInsert([...])
 6 SYSTEMPATH\Model.php(744): CodeIgniter\BaseModel->insert([...], true)
 7 APPPATH\Controllers\GuesthouseController.php(63): CodeIgniter\Model->insert([...])
 8 SYSTEMPATH\CodeIgniter.php(941): App\Controllers\GuesthouseController->store()
 9 SYSTEMPATH\CodeIgniter.php(502): CodeIgniter\CodeIgniter->runController(Object(App\Controllers\GuesthouseController))
10 SYSTEMPATH\CodeIgniter.php(361): CodeIgniter\CodeIgniter->handleRequest(null, Object(Config\Cache), false)
11 FCPATH\index.php(79): CodeIgniter\CodeIgniter->run()
CRITICAL - 2025-03-20 19:18:12 --> [Caused by] mysqli_sql_exception: Table 'locationmaison.guesthouses' doesn't exist
in SYSTEMPATH\Database\MySQLi\Connection.php on line 306.
 1 SYSTEMPATH\Database\MySQLi\Connection.php(306): mysqli->query('INSERT INTO `Guesthouses` (`titre`, `detail`, `village`, `pays`, `attractions`, `idAdmin`, `photos`) VALUES (\'d\', \'dd\', \'d\', \'FR\', \'d\', 1, \'[\\"C:\\\\\\\\xampp\\\\\\\\htdocs\\\\\\\\locationMaisons\\\\\\\\writable\\\\\\\\uploads\\\\/guesthouses\\\\/guesthouse_67dc69f4ba0f74.87848528.jpg\\"]\')', 0)
 2 SYSTEMPATH\Database\BaseConnection.php(693): CodeIgniter\Database\MySQLi\Connection->execute('INSERT INTO `Guesthouses` (`titre`, `detail`, `village`, `pays`, `attractions`, `idAdmin`, `photos`) VALUES (\'d\', \'dd\', \'d\', \'FR\', \'d\', 1, \'[\\"C:\\\\\\\\xampp\\\\\\\\htdocs\\\\\\\\locationMaisons\\\\\\\\writable\\\\\\\\uploads\\\\/guesthouses\\\\/guesthouse_67dc69f4ba0f74.87848528.jpg\\"]\')')
 3 SYSTEMPATH\Database\BaseConnection.php(607): CodeIgniter\Database\BaseConnection->simpleQuery('INSERT INTO `Guesthouses` (`titre`, `detail`, `village`, `pays`, `attractions`, `idAdmin`, `photos`) VALUES (\'d\', \'dd\', \'d\', \'FR\', \'d\', 1, \'[\\"C:\\\\\\\\xampp\\\\\\\\htdocs\\\\\\\\locationMaisons\\\\\\\\writable\\\\\\\\uploads\\\\/guesthouses\\\\/guesthouse_67dc69f4ba0f74.87848528.jpg\\"]\')')
 4 SYSTEMPATH\Database\BaseBuilder.php(2302): CodeIgniter\Database\BaseConnection->query('INSERT INTO `Guesthouses` (`titre`, `detail`, `village`, `pays`, `attractions`, `idAdmin`, `photos`) VALUES (:titre:, :detail:, :village:, :pays:, :attractions:, :idAdmin:, :photos:)', [...], false)
 5 SYSTEMPATH\Model.php(326): CodeIgniter\Database\BaseBuilder->insert()
 6 SYSTEMPATH\BaseModel.php(802): CodeIgniter\Model->doInsert([...])
 7 SYSTEMPATH\Model.php(744): CodeIgniter\BaseModel->insert([...], true)
 8 APPPATH\Controllers\GuesthouseController.php(63): CodeIgniter\Model->insert([...])
 9 SYSTEMPATH\CodeIgniter.php(941): App\Controllers\GuesthouseController->store()
10 SYSTEMPATH\CodeIgniter.php(502): CodeIgniter\CodeIgniter->runController(Object(App\Controllers\GuesthouseController))
11 SYSTEMPATH\CodeIgniter.php(361): CodeIgniter\CodeIgniter->handleRequest(null, Object(Config\Cache), false)
12 FCPATH\index.php(79): CodeIgniter\CodeIgniter->run()
INFO - 2025-03-20 19:18:16 --> Session: Class initialized using 'CodeIgniter\Session\Handlers\FileHandler' driver.
INFO - 2025-03-20 19:18:18 --> Session: Class initialized using 'CodeIgniter\Session\Handlers\FileHandler' driver.
ERROR - 2025-03-20 19:18:29 --> mysqli_sql_exception: Table 'locationmaison.guesthouses' doesn't exist in C:\xampp\htdocs\locationMaisons\system\Database\MySQLi\Connection.php:306
Stack trace:
#0 C:\xampp\htdocs\locationMaisons\system\Database\MySQLi\Connection.php(306): mysqli->query('INSERT INTO `Gu...', 0)
#1 C:\xampp\htdocs\locationMaisons\system\Database\BaseConnection.php(693): CodeIgniter\Database\MySQLi\Connection->execute('INSERT INTO `Gu...')
#2 C:\xampp\htdocs\locationMaisons\system\Database\BaseConnection.php(607): CodeIgniter\Database\BaseConnection->simpleQuery('INSERT INTO `Gu...')
#3 C:\xampp\htdocs\locationMaisons\system\Database\BaseBuilder.php(2302): CodeIgniter\Database\BaseConnection->query('INSERT INTO `Gu...', Array, false)
#4 C:\xampp\htdocs\locationMaisons\system\Model.php(326): CodeIgniter\Database\BaseBuilder->insert()
#5 C:\xampp\htdocs\locationMaisons\system\BaseModel.php(802): CodeIgniter\Model->doInsert(Array)
#6 C:\xampp\htdocs\locationMaisons\system\Model.php(744): CodeIgniter\BaseModel->insert(Array, true)
#7 C:\xampp\htdocs\locationMaisons\app\Controllers\GuesthouseController.php(63): CodeIgniter\Model->insert(Array)
#8 C:\xampp\htdocs\locationMaisons\system\CodeIgniter.php(941): App\Controllers\GuesthouseController->store()
#9 C:\xampp\htdocs\locationMaisons\system\CodeIgniter.php(502): CodeIgniter\CodeIgniter->runController(Object(App\Controllers\GuesthouseController))
#10 C:\xampp\htdocs\locationMaisons\system\CodeIgniter.php(361): CodeIgniter\CodeIgniter->handleRequest(NULL, Object(Config\Cache), false)
#11 C:\xampp\htdocs\locationMaisons\index.php(79): CodeIgniter\CodeIgniter->run()
#12 {main}
CRITICAL - 2025-03-20 19:18:29 --> CodeIgniter\Database\Exceptions\DatabaseException: Table 'locationmaison.guesthouses' doesn't exist
in SYSTEMPATH\Database\BaseConnection.php on line 647.
 1 SYSTEMPATH\Database\BaseBuilder.php(2302): CodeIgniter\Database\BaseConnection->query('INSERT INTO `Guesthouses` (`titre`, `detail`, `village`, `pays`, `attractions`, `idAdmin`, `photos`) VALUES (:titre:, :detail:, :village:, :pays:, :attractions:, :idAdmin:, :photos:)', [...], false)
 2 SYSTEMPATH\Model.php(326): CodeIgniter\Database\BaseBuilder->insert()
 3 SYSTEMPATH\BaseModel.php(802): CodeIgniter\Model->doInsert([...])
 4 SYSTEMPATH\Model.php(744): CodeIgniter\BaseModel->insert([...], true)
 5 APPPATH\Controllers\GuesthouseController.php(63): CodeIgniter\Model->insert([...])
 6 SYSTEMPATH\CodeIgniter.php(941): App\Controllers\GuesthouseController->store()
 7 SYSTEMPATH\CodeIgniter.php(502): CodeIgniter\CodeIgniter->runController(Object(App\Controllers\GuesthouseController))
 8 SYSTEMPATH\CodeIgniter.php(361): CodeIgniter\CodeIgniter->handleRequest(null, Object(Config\Cache), false)
 9 FCPATH\index.php(79): CodeIgniter\CodeIgniter->run()
CRITICAL - 2025-03-20 19:18:29 --> [Caused by] CodeIgniter\Database\Exceptions\DatabaseException: Table 'locationmaison.guesthouses' doesn't exist
in SYSTEMPATH\Database\MySQLi\Connection.php on line 311.
 1 SYSTEMPATH\Database\BaseConnection.php(693): CodeIgniter\Database\MySQLi\Connection->execute('INSERT INTO `Guesthouses` (`titre`, `detail`, `village`, `pays`, `attractions`, `idAdmin`, `photos`) VALUES (\'eefe\', \'eef\', \'ee\', \'BE\', \'eee\', 1, \'[\\"C:\\\\\\\\xampp\\\\\\\\htdocs\\\\\\\\locationMaisons\\\\\\\\writable\\\\\\\\uploads\\\\/guesthouses\\\\/guesthouse_67dc6a05257d49.08143669.jpg\\"]\')')
 2 SYSTEMPATH\Database\BaseConnection.php(607): CodeIgniter\Database\BaseConnection->simpleQuery('INSERT INTO `Guesthouses` (`titre`, `detail`, `village`, `pays`, `attractions`, `idAdmin`, `photos`) VALUES (\'eefe\', \'eef\', \'ee\', \'BE\', \'eee\', 1, \'[\\"C:\\\\\\\\xampp\\\\\\\\htdocs\\\\\\\\locationMaisons\\\\\\\\writable\\\\\\\\uploads\\\\/guesthouses\\\\/guesthouse_67dc6a05257d49.08143669.jpg\\"]\')')
 3 SYSTEMPATH\Database\BaseBuilder.php(2302): CodeIgniter\Database\BaseConnection->query('INSERT INTO `Guesthouses` (`titre`, `detail`, `village`, `pays`, `attractions`, `idAdmin`, `photos`) VALUES (:titre:, :detail:, :village:, :pays:, :attractions:, :idAdmin:, :photos:)', [...], false)
 4 SYSTEMPATH\Model.php(326): CodeIgniter\Database\BaseBuilder->insert()
 5 SYSTEMPATH\BaseModel.php(802): CodeIgniter\Model->doInsert([...])
 6 SYSTEMPATH\Model.php(744): CodeIgniter\BaseModel->insert([...], true)
 7 APPPATH\Controllers\GuesthouseController.php(63): CodeIgniter\Model->insert([...])
 8 SYSTEMPATH\CodeIgniter.php(941): App\Controllers\GuesthouseController->store()
 9 SYSTEMPATH\CodeIgniter.php(502): CodeIgniter\CodeIgniter->runController(Object(App\Controllers\GuesthouseController))
10 SYSTEMPATH\CodeIgniter.php(361): CodeIgniter\CodeIgniter->handleRequest(null, Object(Config\Cache), false)
11 FCPATH\index.php(79): CodeIgniter\CodeIgniter->run()
CRITICAL - 2025-03-20 19:18:29 --> [Caused by] mysqli_sql_exception: Table 'locationmaison.guesthouses' doesn't exist
in SYSTEMPATH\Database\MySQLi\Connection.php on line 306.
 1 SYSTEMPATH\Database\MySQLi\Connection.php(306): mysqli->query('INSERT INTO `Guesthouses` (`titre`, `detail`, `village`, `pays`, `attractions`, `idAdmin`, `photos`) VALUES (\'eefe\', \'eef\', \'ee\', \'BE\', \'eee\', 1, \'[\\"C:\\\\\\\\xampp\\\\\\\\htdocs\\\\\\\\locationMaisons\\\\\\\\writable\\\\\\\\uploads\\\\/guesthouses\\\\/guesthouse_67dc6a05257d49.08143669.jpg\\"]\')', 0)
 2 SYSTEMPATH\Database\BaseConnection.php(693): CodeIgniter\Database\MySQLi\Connection->execute('INSERT INTO `Guesthouses` (`titre`, `detail`, `village`, `pays`, `attractions`, `idAdmin`, `photos`) VALUES (\'eefe\', \'eef\', \'ee\', \'BE\', \'eee\', 1, \'[\\"C:\\\\\\\\xampp\\\\\\\\htdocs\\\\\\\\locationMaisons\\\\\\\\writable\\\\\\\\uploads\\\\/guesthouses\\\\/guesthouse_67dc6a05257d49.08143669.jpg\\"]\')')
 3 SYSTEMPATH\Database\BaseConnection.php(607): CodeIgniter\Database\BaseConnection->simpleQuery('INSERT INTO `Guesthouses` (`titre`, `detail`, `village`, `pays`, `attractions`, `idAdmin`, `photos`) VALUES (\'eefe\', \'eef\', \'ee\', \'BE\', \'eee\', 1, \'[\\"C:\\\\\\\\xampp\\\\\\\\htdocs\\\\\\\\locationMaisons\\\\\\\\writable\\\\\\\\uploads\\\\/guesthouses\\\\/guesthouse_67dc6a05257d49.08143669.jpg\\"]\')')
 4 SYSTEMPATH\Database\BaseBuilder.php(2302): CodeIgniter\Database\BaseConnection->query('INSERT INTO `Guesthouses` (`titre`, `detail`, `village`, `pays`, `attractions`, `idAdmin`, `photos`) VALUES (:titre:, :detail:, :village:, :pays:, :attractions:, :idAdmin:, :photos:)', [...], false)
 5 SYSTEMPATH\Model.php(326): CodeIgniter\Database\BaseBuilder->insert()
 6 SYSTEMPATH\BaseModel.php(802): CodeIgniter\Model->doInsert([...])
 7 SYSTEMPATH\Model.php(744): CodeIgniter\BaseModel->insert([...], true)
 8 APPPATH\Controllers\GuesthouseController.php(63): CodeIgniter\Model->insert([...])
 9 SYSTEMPATH\CodeIgniter.php(941): App\Controllers\GuesthouseController->store()
10 SYSTEMPATH\CodeIgniter.php(502): CodeIgniter\CodeIgniter->runController(Object(App\Controllers\GuesthouseController))
11 SYSTEMPATH\CodeIgniter.php(361): CodeIgniter\CodeIgniter->handleRequest(null, Object(Config\Cache), false)
12 FCPATH\index.php(79): CodeIgniter\CodeIgniter->run()
INFO - 2025-03-20 19:19:14 --> Session: Class initialized using 'CodeIgniter\Session\Handlers\FileHandler' driver.
INFO - 2025-03-20 19:19:16 --> Session: Class initialized using 'CodeIgniter\Session\Handlers\FileHandler' driver.
ERROR - 2025-03-20 19:19:32 --> mysqli_sql_exception: Cannot add or update a child row: a foreign key constraint fails (`locationmaison`.`guesthouses`, CONSTRAINT `guesthouses_ibfk_1` FOREIGN KEY (`idAdmin`) REFERENCES `utilisateur` (`idUtilisateur`) ON DELETE SET NULL) in C:\xampp\htdocs\locationMaisons\system\Database\MySQLi\Connection.php:306
Stack trace:
#0 C:\xampp\htdocs\locationMaisons\system\Database\MySQLi\Connection.php(306): mysqli->query('INSERT INTO `Gu...', 0)
#1 C:\xampp\htdocs\locationMaisons\system\Database\BaseConnection.php(693): CodeIgniter\Database\MySQLi\Connection->execute('INSERT INTO `Gu...')
#2 C:\xampp\htdocs\locationMaisons\system\Database\BaseConnection.php(607): CodeIgniter\Database\BaseConnection->simpleQuery('INSERT INTO `Gu...')
#3 C:\xampp\htdocs\locationMaisons\system\Database\BaseBuilder.php(2302): CodeIgniter\Database\BaseConnection->query('INSERT INTO `Gu...', Array, false)
#4 C:\xampp\htdocs\locationMaisons\system\Model.php(326): CodeIgniter\Database\BaseBuilder->insert()
#5 C:\xampp\htdocs\locationMaisons\system\BaseModel.php(802): CodeIgniter\Model->doInsert(Array)
#6 C:\xampp\htdocs\locationMaisons\system\Model.php(744): CodeIgniter\BaseModel->insert(Array, true)
#7 C:\xampp\htdocs\locationMaisons\app\Controllers\GuesthouseController.php(63): CodeIgniter\Model->insert(Array)
#8 C:\xampp\htdocs\locationMaisons\system\CodeIgniter.php(941): App\Controllers\GuesthouseController->store()
#9 C:\xampp\htdocs\locationMaisons\system\CodeIgniter.php(502): CodeIgniter\CodeIgniter->runController(Object(App\Controllers\GuesthouseController))
#10 C:\xampp\htdocs\locationMaisons\system\CodeIgniter.php(361): CodeIgniter\CodeIgniter->handleRequest(NULL, Object(Config\Cache), false)
#11 C:\xampp\htdocs\locationMaisons\index.php(79): CodeIgniter\CodeIgniter->run()
#12 {main}
CRITICAL - 2025-03-20 19:19:32 --> CodeIgniter\Database\Exceptions\DatabaseException: Cannot add or update a child row: a foreign key constraint fails (`locationmaison`.`guesthouses`, CONSTRAINT `guesthouses_ibfk_1` FOREIGN KEY (`idAdmin`) REFERENCES `utilisateur` (`idUtilisateur`) ON DELETE SET NULL)
in SYSTEMPATH\Database\BaseConnection.php on line 647.
 1 SYSTEMPATH\Database\BaseBuilder.php(2302): CodeIgniter\Database\BaseConnection->query('INSERT INTO `Guesthouses` (`titre`, `detail`, `village`, `pays`, `attractions`, `idAdmin`, `photos`) VALUES (:titre:, :detail:, :village:, :pays:, :attractions:, :idAdmin:, :photos:)', [...], false)
 2 SYSTEMPATH\Model.php(326): CodeIgniter\Database\BaseBuilder->insert()
 3 SYSTEMPATH\BaseModel.php(802): CodeIgniter\Model->doInsert([...])
 4 SYSTEMPATH\Model.php(744): CodeIgniter\BaseModel->insert([...], true)
 5 APPPATH\Controllers\GuesthouseController.php(63): CodeIgniter\Model->insert([...])
 6 SYSTEMPATH\CodeIgniter.php(941): App\Controllers\GuesthouseController->store()
 7 SYSTEMPATH\CodeIgniter.php(502): CodeIgniter\CodeIgniter->runController(Object(App\Controllers\GuesthouseController))
 8 SYSTEMPATH\CodeIgniter.php(361): CodeIgniter\CodeIgniter->handleRequest(null, Object(Config\Cache), false)
 9 FCPATH\index.php(79): CodeIgniter\CodeIgniter->run()
CRITICAL - 2025-03-20 19:19:32 --> [Caused by] CodeIgniter\Database\Exceptions\DatabaseException: Cannot add or update a child row: a foreign key constraint fails (`locationmaison`.`guesthouses`, CONSTRAINT `guesthouses_ibfk_1` FOREIGN KEY (`idAdmin`) REFERENCES `utilisateur` (`idUtilisateur`) ON DELETE SET NULL)
in SYSTEMPATH\Database\MySQLi\Connection.php on line 311.
 1 SYSTEMPATH\Database\BaseConnection.php(693): CodeIgniter\Database\MySQLi\Connection->execute('INSERT INTO `Guesthouses` (`titre`, `detail`, `village`, `pays`, `attractions`, `idAdmin`, `photos`) VALUES (\'dddd\', \'df jksfnsk\', \'dfgdgdlgse\', \'BE\', \'sfsf\', 1, \'[\\"C:\\\\\\\\xampp\\\\\\\\htdocs\\\\\\\\locationMaisons\\\\\\\\writable\\\\\\\\uploads\\\\/guesthouses\\\\/guesthouse_67dc6a44c52e04.20292908.jpg\\"]\')')
 2 SYSTEMPATH\Database\BaseConnection.php(607): CodeIgniter\Database\BaseConnection->simpleQuery('INSERT INTO `Guesthouses` (`titre`, `detail`, `village`, `pays`, `attractions`, `idAdmin`, `photos`) VALUES (\'dddd\', \'df jksfnsk\', \'dfgdgdlgse\', \'BE\', \'sfsf\', 1, \'[\\"C:\\\\\\\\xampp\\\\\\\\htdocs\\\\\\\\locationMaisons\\\\\\\\writable\\\\\\\\uploads\\\\/guesthouses\\\\/guesthouse_67dc6a44c52e04.20292908.jpg\\"]\')')
 3 SYSTEMPATH\Database\BaseBuilder.php(2302): CodeIgniter\Database\BaseConnection->query('INSERT INTO `Guesthouses` (`titre`, `detail`, `village`, `pays`, `attractions`, `idAdmin`, `photos`) VALUES (:titre:, :detail:, :village:, :pays:, :attractions:, :idAdmin:, :photos:)', [...], false)
 4 SYSTEMPATH\Model.php(326): CodeIgniter\Database\BaseBuilder->insert()
 5 SYSTEMPATH\BaseModel.php(802): CodeIgniter\Model->doInsert([...])
 6 SYSTEMPATH\Model.php(744): CodeIgniter\BaseModel->insert([...], true)
 7 APPPATH\Controllers\GuesthouseController.php(63): CodeIgniter\Model->insert([...])
 8 SYSTEMPATH\CodeIgniter.php(941): App\Controllers\GuesthouseController->store()
 9 SYSTEMPATH\CodeIgniter.php(502): CodeIgniter\CodeIgniter->runController(Object(App\Controllers\GuesthouseController))
10 SYSTEMPATH\CodeIgniter.php(361): CodeIgniter\CodeIgniter->handleRequest(null, Object(Config\Cache), false)
11 FCPATH\index.php(79): CodeIgniter\CodeIgniter->run()
CRITICAL - 2025-03-20 19:19:32 --> [Caused by] mysqli_sql_exception: Cannot add or update a child row: a foreign key constraint fails (`locationmaison`.`guesthouses`, CONSTRAINT `guesthouses_ibfk_1` FOREIGN KEY (`idAdmin`) REFERENCES `utilisateur` (`idUtilisateur`) ON DELETE SET NULL)
in SYSTEMPATH\Database\MySQLi\Connection.php on line 306.
 1 SYSTEMPATH\Database\MySQLi\Connection.php(306): mysqli->query('INSERT INTO `Guesthouses` (`titre`, `detail`, `village`, `pays`, `attractions`, `idAdmin`, `photos`) VALUES (\'dddd\', \'df jksfnsk\', \'dfgdgdlgse\', \'BE\', \'sfsf\', 1, \'[\\"C:\\\\\\\\xampp\\\\\\\\htdocs\\\\\\\\locationMaisons\\\\\\\\writable\\\\\\\\uploads\\\\/guesthouses\\\\/guesthouse_67dc6a44c52e04.20292908.jpg\\"]\')', 0)
 2 SYSTEMPATH\Database\BaseConnection.php(693): CodeIgniter\Database\MySQLi\Connection->execute('INSERT INTO `Guesthouses` (`titre`, `detail`, `village`, `pays`, `attractions`, `idAdmin`, `photos`) VALUES (\'dddd\', \'df jksfnsk\', \'dfgdgdlgse\', \'BE\', \'sfsf\', 1, \'[\\"C:\\\\\\\\xampp\\\\\\\\htdocs\\\\\\\\locationMaisons\\\\\\\\writable\\\\\\\\uploads\\\\/guesthouses\\\\/guesthouse_67dc6a44c52e04.20292908.jpg\\"]\')')
 3 SYSTEMPATH\Database\BaseConnection.php(607): CodeIgniter\Database\BaseConnection->simpleQuery('INSERT INTO `Guesthouses` (`titre`, `detail`, `village`, `pays`, `attractions`, `idAdmin`, `photos`) VALUES (\'dddd\', \'df jksfnsk\', \'dfgdgdlgse\', \'BE\', \'sfsf\', 1, \'[\\"C:\\\\\\\\xampp\\\\\\\\htdocs\\\\\\\\locationMaisons\\\\\\\\writable\\\\\\\\uploads\\\\/guesthouses\\\\/guesthouse_67dc6a44c52e04.20292908.jpg\\"]\')')
 4 SYSTEMPATH\Database\BaseBuilder.php(2302): CodeIgniter\Database\BaseConnection->query('INSERT INTO `Guesthouses` (`titre`, `detail`, `village`, `pays`, `attractions`, `idAdmin`, `photos`) VALUES (:titre:, :detail:, :village:, :pays:, :attractions:, :idAdmin:, :photos:)', [...], false)
 5 SYSTEMPATH\Model.php(326): CodeIgniter\Database\BaseBuilder->insert()
 6 SYSTEMPATH\BaseModel.php(802): CodeIgniter\Model->doInsert([...])
 7 SYSTEMPATH\Model.php(744): CodeIgniter\BaseModel->insert([...], true)
 8 APPPATH\Controllers\GuesthouseController.php(63): CodeIgniter\Model->insert([...])
 9 SYSTEMPATH\CodeIgniter.php(941): App\Controllers\GuesthouseController->store()
10 SYSTEMPATH\CodeIgniter.php(502): CodeIgniter\CodeIgniter->runController(Object(App\Controllers\GuesthouseController))
11 SYSTEMPATH\CodeIgniter.php(361): CodeIgniter\CodeIgniter->handleRequest(null, Object(Config\Cache), false)
12 FCPATH\index.php(79): CodeIgniter\CodeIgniter->run()
INFO - 2025-03-20 19:21:06 --> Session: Class initialized using 'CodeIgniter\Session\Handlers\FileHandler' driver.
INFO - 2025-03-20 19:21:08 --> Session: Class initialized using 'CodeIgniter\Session\Handlers\FileHandler' driver.
INFO - 2025-03-20 19:21:21 --> Session: Class initialized using 'CodeIgniter\Session\Handlers\FileHandler' driver.
INFO - 2025-03-20 19:22:16 --> Session: Class initialized using 'CodeIgniter\Session\Handlers\FileHandler' driver.
INFO - 2025-03-20 19:22:18 --> Session: Class initialized using 'CodeIgniter\Session\Handlers\FileHandler' driver.
INFO - 2025-03-20 19:22:33 --> Session: Class initialized using 'CodeIgniter\Session\Handlers\FileHandler' driver.
INFO - 2025-03-20 19:23:59 --> Session: Class initialized using 'CodeIgniter\Session\Handlers\FileHandler' driver.
INFO - 2025-03-20 19:24:01 --> Session: Class initialized using 'CodeIgniter\Session\Handlers\FileHandler' driver.
INFO - 2025-03-20 19:24:14 --> Session: Class initialized using 'CodeIgniter\Session\Handlers\FileHandler' driver.
INFO - 2025-03-20 19:24:14 --> Session: Class initialized using 'CodeIgniter\Session\Handlers\FileHandler' driver.
INFO - 2025-03-20 19:27:26 --> Session: Class initialized using 'CodeIgniter\Session\Handlers\FileHandler' driver.
INFO - 2025-03-20 19:28:25 --> Session: Class initialized using 'CodeIgniter\Session\Handlers\FileHandler' driver.
INFO - 2025-03-20 19:28:28 --> Session: Class initialized using 'CodeIgniter\Session\Handlers\FileHandler' driver.
INFO - 2025-03-20 19:28:30 --> Session: Class initialized using 'CodeIgniter\Session\Handlers\FileHandler' driver.
INFO - 2025-03-20 19:28:31 --> Session: Class initialized using 'CodeIgniter\Session\Handlers\FileHandler' driver.
INFO - 2025-03-20 19:28:36 --> Session: Class initialized using 'CodeIgniter\Session\Handlers\FileHandler' driver.
INFO - 2025-03-20 19:28:38 --> Session: Class initialized using 'CodeIgniter\Session\Handlers\FileHandler' driver.
INFO - 2025-03-20 19:28:58 --> Session: Class initialized using 'CodeIgniter\Session\Handlers\FileHandler' driver.
INFO - 2025-03-20 19:29:25 --> Session: Class initialized using 'CodeIgniter\Session\Handlers\FileHandler' driver.
INFO - 2025-03-20 19:29:26 --> Session: Class initialized using 'CodeIgniter\Session\Handlers\FileHandler' driver.
INFO - 2025-03-20 19:29:38 --> Session: Class initialized using 'CodeIgniter\Session\Handlers\FileHandler' driver.
INFO - 2025-03-20 19:29:38 --> Session: Class initialized using 'CodeIgniter\Session\Handlers\FileHandler' driver.
