INFO - 2025-05-04 00:00:10 --> Session: Class initialized using 'CodeIgniter\Session\Handlers\FileHandler' driver.
INFO - 2025-05-04 00:00:13 --> Session: Class initialized using 'CodeIgniter\Session\Handlers\FileHandler' driver.
INFO - 2025-05-04 00:00:14 --> Session: Class initialized using 'CodeIgniter\Session\Handlers\FileHandler' driver.
INFO - 2025-05-04 00:01:55 --> Session: Class initialized using 'CodeIgniter\Session\Handlers\FileHandler' driver.
INFO - 2025-05-04 00:02:11 --> Session: Class initialized using 'CodeIgniter\Session\Handlers\FileHandler' driver.
INFO - 2025-05-04 00:03:38 --> Session: Class initialized using 'CodeIgniter\Session\Handlers\FileHandler' driver.
INFO - 2025-05-04 00:04:35 --> Session: Class initialized using 'CodeIgniter\Session\Handlers\FileHandler' driver.
ERROR - 2025-05-04 00:04:35 --> mysqli_sql_exception: CONSTRAINT `guesthouses.photos` failed for `locationmaison`.`guesthouses` in C:\xampp\htdocs\locationMaisons\system\Database\MySQLi\Connection.php:306
Stack trace:
#0 C:\xampp\htdocs\locationMaisons\system\Database\MySQLi\Connection.php(306): mysqli->query('UPDATE `Guestho...', 0)
#1 C:\xampp\htdocs\locationMaisons\system\Database\BaseConnection.php(693): CodeIgniter\Database\MySQLi\Connection->execute('UPDATE `Guestho...')
#2 C:\xampp\htdocs\locationMaisons\system\Database\BaseConnection.php(607): CodeIgniter\Database\BaseConnection->simpleQuery('UPDATE `Guestho...')
#3 C:\xampp\htdocs\locationMaisons\system\Database\BaseBuilder.php(2469): CodeIgniter\Database\BaseConnection->query('UPDATE `Guestho...', Array, false)
#4 C:\xampp\htdocs\locationMaisons\system\Model.php(393): CodeIgniter\Database\BaseBuilder->update()
#5 C:\xampp\htdocs\locationMaisons\system\BaseModel.php(987): CodeIgniter\Model->doUpdate(Array, Array)
#6 C:\xampp\htdocs\locationMaisons\system\Model.php(807): CodeIgniter\BaseModel->update(Array, Array)
#7 C:\xampp\htdocs\locationMaisons\app\Controllers\GuesthouseController.php(193): CodeIgniter\Model->update('24', Array)
#8 C:\xampp\htdocs\locationMaisons\system\CodeIgniter.php(941): App\Controllers\GuesthouseController->updateGuesthouse('24')
#9 C:\xampp\htdocs\locationMaisons\system\CodeIgniter.php(502): CodeIgniter\CodeIgniter->runController(Object(App\Controllers\GuesthouseController))
#10 C:\xampp\htdocs\locationMaisons\system\CodeIgniter.php(361): CodeIgniter\CodeIgniter->handleRequest(NULL, Object(Config\Cache), false)
#11 C:\xampp\htdocs\locationMaisons\index.php(79): CodeIgniter\CodeIgniter->run()
#12 {main}
CRITICAL - 2025-05-04 00:04:35 --> CodeIgniter\Database\Exceptions\DatabaseException: CONSTRAINT `guesthouses.photos` failed for `locationmaison`.`guesthouses`
in SYSTEMPATH\Database\BaseConnection.php on line 647.
 1 SYSTEMPATH\Database\BaseBuilder.php(2469): CodeIgniter\Database\BaseConnection->query('UPDATE `Guesthouses` SET `titre` = :titre:, `detail` = :detail:, `village` = :village:, `pays` = :pays:, `attractions` = :attractions:, `photos` = :photos:
WHERE `Guesthouses`.`idGuesthouse` IN :Guesthouses.idGuesthouse:', [...], false)
 2 SYSTEMPATH\Model.php(393): CodeIgniter\Database\BaseBuilder->update()
 3 SYSTEMPATH\BaseModel.php(987): CodeIgniter\Model->doUpdate([...], [...])
 4 SYSTEMPATH\Model.php(807): CodeIgniter\BaseModel->update([...], [...])
 5 APPPATH\Controllers\GuesthouseController.php(193): CodeIgniter\Model->update('24', [...])
 6 SYSTEMPATH\CodeIgniter.php(941): App\Controllers\GuesthouseController->updateGuesthouse('24')
 7 SYSTEMPATH\CodeIgniter.php(502): CodeIgniter\CodeIgniter->runController(Object(App\Controllers\GuesthouseController))
 8 SYSTEMPATH\CodeIgniter.php(361): CodeIgniter\CodeIgniter->handleRequest(null, Object(Config\Cache), false)
 9 FCPATH\index.php(79): CodeIgniter\CodeIgniter->run()
CRITICAL - 2025-05-04 00:04:35 --> [Caused by] CodeIgniter\Database\Exceptions\DatabaseException: CONSTRAINT `guesthouses.photos` failed for `locationmaison`.`guesthouses`
in SYSTEMPATH\Database\MySQLi\Connection.php on line 311.
 1 SYSTEMPATH\Database\BaseConnection.php(693): CodeIgniter\Database\MySQLi\Connection->execute('UPDATE `Guesthouses` SET `titre` = \'Plus anonyme\', `detail` = \'non\', `village` = \'Pouilles\', `pays` = \'IT\', `attractions` = NULL, `photos` = \'uploads/1746317075_3fd3857858158794eef7.jpg,uploads/1746317075_0fbb1770c867ffae2010.png,uploads/1746317075_e1265a6ed89c837961ff.jpg\'
WHERE `Guesthouses`.`idGuesthouse` IN (\'24\')')
 2 SYSTEMPATH\Database\BaseConnection.php(607): CodeIgniter\Database\BaseConnection->simpleQuery('UPDATE `Guesthouses` SET `titre` = \'Plus anonyme\', `detail` = \'non\', `village` = \'Pouilles\', `pays` = \'IT\', `attractions` = NULL, `photos` = \'uploads/1746317075_3fd3857858158794eef7.jpg,uploads/1746317075_0fbb1770c867ffae2010.png,uploads/1746317075_e1265a6ed89c837961ff.jpg\'
WHERE `Guesthouses`.`idGuesthouse` IN (\'24\')')
 3 SYSTEMPATH\Database\BaseBuilder.php(2469): CodeIgniter\Database\BaseConnection->query('UPDATE `Guesthouses` SET `titre` = :titre:, `detail` = :detail:, `village` = :village:, `pays` = :pays:, `attractions` = :attractions:, `photos` = :photos:
WHERE `Guesthouses`.`idGuesthouse` IN :Guesthouses.idGuesthouse:', [...], false)
 4 SYSTEMPATH\Model.php(393): CodeIgniter\Database\BaseBuilder->update()
 5 SYSTEMPATH\BaseModel.php(987): CodeIgniter\Model->doUpdate([...], [...])
 6 SYSTEMPATH\Model.php(807): CodeIgniter\BaseModel->update([...], [...])
 7 APPPATH\Controllers\GuesthouseController.php(193): CodeIgniter\Model->update('24', [...])
 8 SYSTEMPATH\CodeIgniter.php(941): App\Controllers\GuesthouseController->updateGuesthouse('24')
 9 SYSTEMPATH\CodeIgniter.php(502): CodeIgniter\CodeIgniter->runController(Object(App\Controllers\GuesthouseController))
10 SYSTEMPATH\CodeIgniter.php(361): CodeIgniter\CodeIgniter->handleRequest(null, Object(Config\Cache), false)
11 FCPATH\index.php(79): CodeIgniter\CodeIgniter->run()
CRITICAL - 2025-05-04 00:04:35 --> [Caused by] mysqli_sql_exception: CONSTRAINT `guesthouses.photos` failed for `locationmaison`.`guesthouses`
in SYSTEMPATH\Database\MySQLi\Connection.php on line 306.
 1 SYSTEMPATH\Database\MySQLi\Connection.php(306): mysqli->query('UPDATE `Guesthouses` SET `titre` = \'Plus anonyme\', `detail` = \'non\', `village` = \'Pouilles\', `pays` = \'IT\', `attractions` = NULL, `photos` = \'uploads/1746317075_3fd3857858158794eef7.jpg,uploads/1746317075_0fbb1770c867ffae2010.png,uploads/1746317075_e1265a6ed89c837961ff.jpg\'
WHERE `Guesthouses`.`idGuesthouse` IN (\'24\')', 0)
 2 SYSTEMPATH\Database\BaseConnection.php(693): CodeIgniter\Database\MySQLi\Connection->execute('UPDATE `Guesthouses` SET `titre` = \'Plus anonyme\', `detail` = \'non\', `village` = \'Pouilles\', `pays` = \'IT\', `attractions` = NULL, `photos` = \'uploads/1746317075_3fd3857858158794eef7.jpg,uploads/1746317075_0fbb1770c867ffae2010.png,uploads/1746317075_e1265a6ed89c837961ff.jpg\'
WHERE `Guesthouses`.`idGuesthouse` IN (\'24\')')
 3 SYSTEMPATH\Database\BaseConnection.php(607): CodeIgniter\Database\BaseConnection->simpleQuery('UPDATE `Guesthouses` SET `titre` = \'Plus anonyme\', `detail` = \'non\', `village` = \'Pouilles\', `pays` = \'IT\', `attractions` = NULL, `photos` = \'uploads/1746317075_3fd3857858158794eef7.jpg,uploads/1746317075_0fbb1770c867ffae2010.png,uploads/1746317075_e1265a6ed89c837961ff.jpg\'
WHERE `Guesthouses`.`idGuesthouse` IN (\'24\')')
 4 SYSTEMPATH\Database\BaseBuilder.php(2469): CodeIgniter\Database\BaseConnection->query('UPDATE `Guesthouses` SET `titre` = :titre:, `detail` = :detail:, `village` = :village:, `pays` = :pays:, `attractions` = :attractions:, `photos` = :photos:
WHERE `Guesthouses`.`idGuesthouse` IN :Guesthouses.idGuesthouse:', [...], false)
 5 SYSTEMPATH\Model.php(393): CodeIgniter\Database\BaseBuilder->update()
 6 SYSTEMPATH\BaseModel.php(987): CodeIgniter\Model->doUpdate([...], [...])
 7 SYSTEMPATH\Model.php(807): CodeIgniter\BaseModel->update([...], [...])
 8 APPPATH\Controllers\GuesthouseController.php(193): CodeIgniter\Model->update('24', [...])
 9 SYSTEMPATH\CodeIgniter.php(941): App\Controllers\GuesthouseController->updateGuesthouse('24')
10 SYSTEMPATH\CodeIgniter.php(502): CodeIgniter\CodeIgniter->runController(Object(App\Controllers\GuesthouseController))
11 SYSTEMPATH\CodeIgniter.php(361): CodeIgniter\CodeIgniter->handleRequest(null, Object(Config\Cache), false)
12 FCPATH\index.php(79): CodeIgniter\CodeIgniter->run()
INFO - 2025-05-04 00:10:59 --> Session: Class initialized using 'CodeIgniter\Session\Handlers\FileHandler' driver.
INFO - 2025-05-04 00:10:59 --> Session: Class initialized using 'CodeIgniter\Session\Handlers\FileHandler' driver.
INFO - 2025-05-04 00:11:02 --> Session: Class initialized using 'CodeIgniter\Session\Handlers\FileHandler' driver.
INFO - 2025-05-04 00:11:19 --> Session: Class initialized using 'CodeIgniter\Session\Handlers\FileHandler' driver.
INFO - 2025-05-04 00:11:19 --> Session: Class initialized using 'CodeIgniter\Session\Handlers\FileHandler' driver.
INFO - 2025-05-04 00:11:22 --> Session: Class initialized using 'CodeIgniter\Session\Handlers\FileHandler' driver.
INFO - 2025-05-04 00:12:01 --> Session: Class initialized using 'CodeIgniter\Session\Handlers\FileHandler' driver.
INFO - 2025-05-04 00:12:01 --> Session: Class initialized using 'CodeIgniter\Session\Handlers\FileHandler' driver.
INFO - 2025-05-04 00:12:05 --> Session: Class initialized using 'CodeIgniter\Session\Handlers\FileHandler' driver.
INFO - 2025-05-04 00:12:20 --> Session: Class initialized using 'CodeIgniter\Session\Handlers\FileHandler' driver.
INFO - 2025-05-04 00:12:20 --> Session: Class initialized using 'CodeIgniter\Session\Handlers\FileHandler' driver.
INFO - 2025-05-04 00:12:24 --> Session: Class initialized using 'CodeIgniter\Session\Handlers\FileHandler' driver.
INFO - 2025-05-04 00:12:29 --> Session: Class initialized using 'CodeIgniter\Session\Handlers\FileHandler' driver.
INFO - 2025-05-04 00:12:29 --> Session: Class initialized using 'CodeIgniter\Session\Handlers\FileHandler' driver.
INFO - 2025-05-04 00:14:02 --> Session: Class initialized using 'CodeIgniter\Session\Handlers\FileHandler' driver.
INFO - 2025-05-04 00:14:04 --> Session: Class initialized using 'CodeIgniter\Session\Handlers\FileHandler' driver.
INFO - 2025-05-04 00:14:14 --> Session: Class initialized using 'CodeIgniter\Session\Handlers\FileHandler' driver.
INFO - 2025-05-04 00:14:14 --> Session: Class initialized using 'CodeIgniter\Session\Handlers\FileHandler' driver.
INFO - 2025-05-04 00:18:07 --> Session: Class initialized using 'CodeIgniter\Session\Handlers\FileHandler' driver.
INFO - 2025-05-04 00:18:09 --> Session: Class initialized using 'CodeIgniter\Session\Handlers\FileHandler' driver.
INFO - 2025-05-04 00:18:15 --> Session: Class initialized using 'CodeIgniter\Session\Handlers\FileHandler' driver.
INFO - 2025-05-04 00:18:16 --> Session: Class initialized using 'CodeIgniter\Session\Handlers\FileHandler' driver.
INFO - 2025-05-04 00:18:19 --> Session: Class initialized using 'CodeIgniter\Session\Handlers\FileHandler' driver.
INFO - 2025-05-04 00:20:55 --> Session: Class initialized using 'CodeIgniter\Session\Handlers\FileHandler' driver.
INFO - 2025-05-04 00:21:05 --> Session: Class initialized using 'CodeIgniter\Session\Handlers\FileHandler' driver.
INFO - 2025-05-04 00:21:06 --> Session: Class initialized using 'CodeIgniter\Session\Handlers\FileHandler' driver.
INFO - 2025-05-04 00:21:11 --> Session: Class initialized using 'CodeIgniter\Session\Handlers\FileHandler' driver.
INFO - 2025-05-04 00:21:11 --> Session: Class initialized using 'CodeIgniter\Session\Handlers\FileHandler' driver.
INFO - 2025-05-04 00:21:14 --> Session: Class initialized using 'CodeIgniter\Session\Handlers\FileHandler' driver.
WARNING - 2025-05-04 00:21:14 --> [DEPRECATED] json_decode(): Passing null to parameter #1 ($json) of type string is deprecated in APPPATH\Views\editGuesthouse.php on line 54.
 1 APPPATH\Views\editGuesthouse.php(54): json_decode(null, true)
 2 SYSTEMPATH\View\View.php(228): include('C:\\xampp\\htdocs\\locationMaisons\\app\\Views\\editGuesthouse.php')
 3 SYSTEMPATH\View\View.php(231): CodeIgniter\View\View->CodeIgniter\View\{closure}()
 4 SYSTEMPATH\Common.php(1178): CodeIgniter\View\View->render('editGuesthouse', [], true)
 5 APPPATH\Controllers\GuesthouseController.php(140): view('editGuesthouse', [...])
 6 SYSTEMPATH\CodeIgniter.php(941): App\Controllers\GuesthouseController->editGuesthouse('24')
 7 SYSTEMPATH\CodeIgniter.php(502): CodeIgniter\CodeIgniter->runController(Object(App\Controllers\GuesthouseController))
 8 SYSTEMPATH\CodeIgniter.php(361): CodeIgniter\CodeIgniter->handleRequest(null, Object(Config\Cache), false)
 9 FCPATH\index.php(79): CodeIgniter\CodeIgniter->run()
INFO - 2025-05-04 00:21:57 --> Session: Class initialized using 'CodeIgniter\Session\Handlers\FileHandler' driver.
INFO - 2025-05-04 00:21:57 --> Session: Class initialized using 'CodeIgniter\Session\Handlers\FileHandler' driver.
INFO - 2025-05-04 00:22:02 --> Session: Class initialized using 'CodeIgniter\Session\Handlers\FileHandler' driver.
INFO - 2025-05-04 00:22:08 --> Session: Class initialized using 'CodeIgniter\Session\Handlers\FileHandler' driver.
INFO - 2025-05-04 00:22:22 --> Session: Class initialized using 'CodeIgniter\Session\Handlers\FileHandler' driver.
INFO - 2025-05-04 00:22:24 --> Session: Class initialized using 'CodeIgniter\Session\Handlers\FileHandler' driver.
INFO - 2025-05-04 00:22:27 --> Session: Class initialized using 'CodeIgniter\Session\Handlers\FileHandler' driver.
INFO - 2025-05-04 00:22:31 --> Session: Class initialized using 'CodeIgniter\Session\Handlers\FileHandler' driver.
INFO - 2025-05-04 00:22:33 --> Session: Class initialized using 'CodeIgniter\Session\Handlers\FileHandler' driver.
INFO - 2025-05-04 00:22:34 --> Session: Class initialized using 'CodeIgniter\Session\Handlers\FileHandler' driver.
INFO - 2025-05-04 00:22:36 --> Session: Class initialized using 'CodeIgniter\Session\Handlers\FileHandler' driver.
INFO - 2025-05-04 00:22:38 --> Session: Class initialized using 'CodeIgniter\Session\Handlers\FileHandler' driver.
INFO - 2025-05-04 00:22:40 --> Session: Class initialized using 'CodeIgniter\Session\Handlers\FileHandler' driver.
INFO - 2025-05-04 00:23:23 --> Session: Class initialized using 'CodeIgniter\Session\Handlers\FileHandler' driver.
INFO - 2025-05-04 00:23:26 --> Session: Class initialized using 'CodeIgniter\Session\Handlers\FileHandler' driver.
INFO - 2025-05-04 00:23:26 --> Session: Class initialized using 'CodeIgniter\Session\Handlers\FileHandler' driver.
INFO - 2025-05-04 00:23:28 --> Session: Class initialized using 'CodeIgniter\Session\Handlers\FileHandler' driver.
INFO - 2025-05-04 00:23:42 --> Session: Class initialized using 'CodeIgniter\Session\Handlers\FileHandler' driver.
INFO - 2025-05-04 00:23:45 --> Session: Class initialized using 'CodeIgniter\Session\Handlers\FileHandler' driver.
INFO - 2025-05-04 00:23:46 --> Session: Class initialized using 'CodeIgniter\Session\Handlers\FileHandler' driver.
CRITICAL - 2025-05-04 00:23:46 --> ErrorException: Undefined variable $maisons
in APPPATH\Views\reserveGuesthouse.php on line 28.
 1 APPPATH\Views\reserveGuesthouse.php(28): CodeIgniter\Debug\Exceptions->errorHandler(2, 'Undefined variable $maisons', 'C:\\xampp\\htdocs\\locationMaisons\\app\\Views\\reserveGuesthouse.php', 28)
 2 SYSTEMPATH\View\View.php(228): include('C:\\xampp\\htdocs\\locationMaisons\\app\\Views\\reserveGuesthouse.php')
 3 SYSTEMPATH\View\View.php(231): CodeIgniter\View\View->CodeIgniter\View\{closure}()
 4 SYSTEMPATH\Common.php(1178): CodeIgniter\View\View->render('reserveGuesthouse', [], true)
 5 APPPATH\Controllers\ReservationController.php(12): view('reserveGuesthouse')
 6 SYSTEMPATH\CodeIgniter.php(941): App\Controllers\ReservationController->showReservation()
 7 SYSTEMPATH\CodeIgniter.php(502): CodeIgniter\CodeIgniter->runController(Object(App\Controllers\ReservationController))
 8 SYSTEMPATH\CodeIgniter.php(361): CodeIgniter\CodeIgniter->handleRequest(null, Object(Config\Cache), false)
 9 FCPATH\index.php(79): CodeIgniter\CodeIgniter->run()
INFO - 2025-05-04 00:23:48 --> Session: Class initialized using 'CodeIgniter\Session\Handlers\FileHandler' driver.
INFO - 2025-05-04 00:23:50 --> Session: Class initialized using 'CodeIgniter\Session\Handlers\FileHandler' driver.
INFO - 2025-05-04 00:23:51 --> Session: Class initialized using 'CodeIgniter\Session\Handlers\FileHandler' driver.
INFO - 2025-05-04 00:23:52 --> Session: Class initialized using 'CodeIgniter\Session\Handlers\FileHandler' driver.
INFO - 2025-05-04 00:24:05 --> Session: Class initialized using 'CodeIgniter\Session\Handlers\FileHandler' driver.
CRITICAL - 2025-05-04 00:24:05 --> ErrorException: Undefined variable $maisons
in APPPATH\Views\reserveGuesthouse.php on line 28.
 1 APPPATH\Views\reserveGuesthouse.php(28): CodeIgniter\Debug\Exceptions->errorHandler(2, 'Undefined variable $maisons', 'C:\\xampp\\htdocs\\locationMaisons\\app\\Views\\reserveGuesthouse.php', 28)
 2 SYSTEMPATH\View\View.php(228): include('C:\\xampp\\htdocs\\locationMaisons\\app\\Views\\reserveGuesthouse.php')
 3 SYSTEMPATH\View\View.php(231): CodeIgniter\View\View->CodeIgniter\View\{closure}()
 4 SYSTEMPATH\Common.php(1178): CodeIgniter\View\View->render('reserveGuesthouse', [], true)
 5 APPPATH\Controllers\ReservationController.php(12): view('reserveGuesthouse')
 6 SYSTEMPATH\CodeIgniter.php(941): App\Controllers\ReservationController->showReservation()
 7 SYSTEMPATH\CodeIgniter.php(502): CodeIgniter\CodeIgniter->runController(Object(App\Controllers\ReservationController))
 8 SYSTEMPATH\CodeIgniter.php(361): CodeIgniter\CodeIgniter->handleRequest(null, Object(Config\Cache), false)
 9 FCPATH\index.php(79): CodeIgniter\CodeIgniter->run()
INFO - 2025-05-04 00:24:07 --> Session: Class initialized using 'CodeIgniter\Session\Handlers\FileHandler' driver.
INFO - 2025-05-04 00:24:08 --> Session: Class initialized using 'CodeIgniter\Session\Handlers\FileHandler' driver.
INFO - 2025-05-04 00:24:14 --> Session: Class initialized using 'CodeIgniter\Session\Handlers\FileHandler' driver.
INFO - 2025-05-04 00:24:16 --> Session: Class initialized using 'CodeIgniter\Session\Handlers\FileHandler' driver.
