CRITICAL - 2025-03-13 16:49:22 --> ParseError: syntax error, unexpected token "<", expecting end of file
in APPPATH\Views\dashboard.php on line 17.
 1 SYSTEMPATH\View\View.php(231): CodeIgniter\View\View->CodeIgniter\View\{closure}()
 2 SYSTEMPATH\Common.php(1178): CodeIgniter\View\View->render('dashboard', [], true)
 3 APPPATH\Config\Routes.php(21): view('dashboard')
 4 SYSTEMPATH\CodeIgniter.php(890): CodeIgniter\Router\RouteCollection->{closure}()
 5 SYSTEMPATH\CodeIgniter.php(489): CodeIgniter\CodeIgniter->startController()
 6 SYSTEMPATH\CodeIgniter.php(361): CodeIgniter\CodeIgniter->handleRequest(null, Object(Config\Cache), false)
 7 FCPATH\index.php(79): CodeIgniter\CodeIgniter->run()
CRITICAL - 2025-03-13 18:27:32 --> CodeIgniter\View\Exceptions\ViewException: Invalid file: "Information.php"
in SYSTEMPATH\Exceptions\FrameworkException.php on line 39.
 1 SYSTEMPATH\View\View.php(216): CodeIgniter\Exceptions\FrameworkException::forInvalidFile('Information.php')
 2 SYSTEMPATH\Common.php(1178): CodeIgniter\View\View->render('Information', [], true)
 3 APPPATH\Controllers\UserController.php(87): view('Information', [...])
 4 SYSTEMPATH\CodeIgniter.php(941): App\Controllers\UserController->information()
 5 SYSTEMPATH\CodeIgniter.php(502): CodeIgniter\CodeIgniter->runController(Object(App\Controllers\UserController))
 6 SYSTEMPATH\CodeIgniter.php(361): CodeIgniter\CodeIgniter->handleRequest(null, Object(Config\Cache), false)
 7 FCPATH\index.php(79): CodeIgniter\CodeIgniter->run()
CRITICAL - 2025-03-13 18:39:46 --> ErrorException: Undefined array key "password"
in APPPATH\Views\userData.php on line 39.
 1 APPPATH\Views\userData.php(39): CodeIgniter\Debug\Exceptions->errorHandler(2, 'Undefined array key "password"', 'C:\\xampp\\htdocs\\locationMaisons\\app\\Views\\userData.php', 39)
 2 SYSTEMPATH\View\View.php(228): include('C:\\xampp\\htdocs\\locationMaisons\\app\\Views\\userData.php')
 3 SYSTEMPATH\View\View.php(231): CodeIgniter\View\View->CodeIgniter\View\{closure}()
 4 SYSTEMPATH\Common.php(1178): CodeIgniter\View\View->render('userData', [], true)
 5 APPPATH\Controllers\UserController.php(87): view('userData', [...])
 6 SYSTEMPATH\CodeIgniter.php(941): App\Controllers\UserController->information()
 7 SYSTEMPATH\CodeIgniter.php(502): CodeIgniter\CodeIgniter->runController(Object(App\Controllers\UserController))
 8 SYSTEMPATH\CodeIgniter.php(361): CodeIgniter\CodeIgniter->handleRequest(null, Object(Config\Cache), false)
 9 FCPATH\index.php(79): CodeIgniter\CodeIgniter->run()
CRITICAL - 2025-03-13 19:02:46 --> ErrorException: Trying to access array offset on value of type null
in APPPATH\Views\userData.php on line 35.
 1 APPPATH\Views\userData.php(35): CodeIgniter\Debug\Exceptions->errorHandler(2, 'Trying to access array offset on value of type null', 'C:\\xampp\\htdocs\\locationMaisons\\app\\Views\\userData.php', 35)
 2 SYSTEMPATH\View\View.php(228): include('C:\\xampp\\htdocs\\locationMaisons\\app\\Views\\userData.php')
 3 SYSTEMPATH\View\View.php(231): CodeIgniter\View\View->CodeIgniter\View\{closure}()
 4 SYSTEMPATH\Common.php(1178): CodeIgniter\View\View->render('userData', [], true)
 5 APPPATH\Controllers\UserController.php(87): view('userData', [...])
 6 SYSTEMPATH\CodeIgniter.php(941): App\Controllers\UserController->showUserInfo()
 7 SYSTEMPATH\CodeIgniter.php(502): CodeIgniter\CodeIgniter->runController(Object(App\Controllers\UserController))
 8 SYSTEMPATH\CodeIgniter.php(361): CodeIgniter\CodeIgniter->handleRequest(null, Object(Config\Cache), false)
 9 FCPATH\index.php(79): CodeIgniter\CodeIgniter->run()
ERROR - 2025-03-13 19:04:08 --> mysqli_sql_exception: Duplicate entry 'corbeau.pale@gmail.com' for key 'email' in C:\xampp\htdocs\locationMaisons\system\Database\MySQLi\Connection.php:306
Stack trace:
#0 C:\xampp\htdocs\locationMaisons\system\Database\MySQLi\Connection.php(306): mysqli->query('INSERT INTO `ut...', 0)
#1 C:\xampp\htdocs\locationMaisons\system\Database\BaseConnection.php(693): CodeIgniter\Database\MySQLi\Connection->execute('INSERT INTO `ut...')
#2 C:\xampp\htdocs\locationMaisons\system\Database\BaseConnection.php(607): CodeIgniter\Database\BaseConnection->simpleQuery('INSERT INTO `ut...')
#3 C:\xampp\htdocs\locationMaisons\system\Database\BaseBuilder.php(2302): CodeIgniter\Database\BaseConnection->query('INSERT INTO `ut...', Array, false)
#4 C:\xampp\htdocs\locationMaisons\system\Model.php(326): CodeIgniter\Database\BaseBuilder->insert()
#5 C:\xampp\htdocs\locationMaisons\system\BaseModel.php(802): CodeIgniter\Model->doInsert(Array)
#6 C:\xampp\htdocs\locationMaisons\system\Model.php(744): CodeIgniter\BaseModel->insert(Array, false)
#7 C:\xampp\htdocs\locationMaisons\system\BaseModel.php(713): CodeIgniter\Model->insert(Array, false)
#8 C:\xampp\htdocs\locationMaisons\app\Controllers\UserController.php(33): CodeIgniter\BaseModel->save(Array)
#9 C:\xampp\htdocs\locationMaisons\system\CodeIgniter.php(941): App\Controllers\UserController->createAccount()
#10 C:\xampp\htdocs\locationMaisons\system\CodeIgniter.php(502): CodeIgniter\CodeIgniter->runController(Object(App\Controllers\UserController))
#11 C:\xampp\htdocs\locationMaisons\system\CodeIgniter.php(361): CodeIgniter\CodeIgniter->handleRequest(NULL, Object(Config\Cache), false)
#12 C:\xampp\htdocs\locationMaisons\index.php(79): CodeIgniter\CodeIgniter->run()
#13 {main}
CRITICAL - 2025-03-13 19:04:08 --> CodeIgniter\Database\Exceptions\DatabaseException: Duplicate entry 'corbeau.pale@gmail.com' for key 'email'
in SYSTEMPATH\Database\BaseConnection.php on line 647.
 1 SYSTEMPATH\Database\BaseBuilder.php(2302): CodeIgniter\Database\BaseConnection->query('INSERT INTO `utilisateur` (`nom`, `prenom`, `email`, `motDePasse`, `photo`) VALUES (:nom:, :prenom:, :email:, :motDePasse:, :photo:)', [...], false)
 2 SYSTEMPATH\Model.php(326): CodeIgniter\Database\BaseBuilder->insert()
 3 SYSTEMPATH\BaseModel.php(802): CodeIgniter\Model->doInsert([...])
 4 SYSTEMPATH\Model.php(744): CodeIgniter\BaseModel->insert([...], false)
 5 SYSTEMPATH\BaseModel.php(713): CodeIgniter\Model->insert([...], false)
 6 APPPATH\Controllers\UserController.php(33): CodeIgniter\BaseModel->save([...])
 7 SYSTEMPATH\CodeIgniter.php(941): App\Controllers\UserController->createAccount()
 8 SYSTEMPATH\CodeIgniter.php(502): CodeIgniter\CodeIgniter->runController(Object(App\Controllers\UserController))
 9 SYSTEMPATH\CodeIgniter.php(361): CodeIgniter\CodeIgniter->handleRequest(null, Object(Config\Cache), false)
10 FCPATH\index.php(79): CodeIgniter\CodeIgniter->run()
CRITICAL - 2025-03-13 19:04:08 --> [Caused by] CodeIgniter\Database\Exceptions\DatabaseException: Duplicate entry 'corbeau.pale@gmail.com' for key 'email'
in SYSTEMPATH\Database\MySQLi\Connection.php on line 311.
 1 SYSTEMPATH\Database\BaseConnection.php(693): CodeIgniter\Database\MySQLi\Connection->execute('INSERT INTO `utilisateur` (`nom`, `prenom`, `email`, `motDePasse`, `photo`) VALUES (\'Nat\', \'Chmen\', \'corbeau.pale@gmail.com\', \'$2y$10$v0GGfqHEjtEo24fodL.kWedrnLr3TgI2Wy7t1ILQQz0gJ2FcEUoA.\', \'uploads/1741892648_d0f9bd11fe6cb0c9f233.jpg\')')
 2 SYSTEMPATH\Database\BaseConnection.php(607): CodeIgniter\Database\BaseConnection->simpleQuery('INSERT INTO `utilisateur` (`nom`, `prenom`, `email`, `motDePasse`, `photo`) VALUES (\'Nat\', \'Chmen\', \'corbeau.pale@gmail.com\', \'$2y$10$v0GGfqHEjtEo24fodL.kWedrnLr3TgI2Wy7t1ILQQz0gJ2FcEUoA.\', \'uploads/1741892648_d0f9bd11fe6cb0c9f233.jpg\')')
 3 SYSTEMPATH\Database\BaseBuilder.php(2302): CodeIgniter\Database\BaseConnection->query('INSERT INTO `utilisateur` (`nom`, `prenom`, `email`, `motDePasse`, `photo`) VALUES (:nom:, :prenom:, :email:, :motDePasse:, :photo:)', [...], false)
 4 SYSTEMPATH\Model.php(326): CodeIgniter\Database\BaseBuilder->insert()
 5 SYSTEMPATH\BaseModel.php(802): CodeIgniter\Model->doInsert([...])
 6 SYSTEMPATH\Model.php(744): CodeIgniter\BaseModel->insert([...], false)
 7 SYSTEMPATH\BaseModel.php(713): CodeIgniter\Model->insert([...], false)
 8 APPPATH\Controllers\UserController.php(33): CodeIgniter\BaseModel->save([...])
 9 SYSTEMPATH\CodeIgniter.php(941): App\Controllers\UserController->createAccount()
10 SYSTEMPATH\CodeIgniter.php(502): CodeIgniter\CodeIgniter->runController(Object(App\Controllers\UserController))
11 SYSTEMPATH\CodeIgniter.php(361): CodeIgniter\CodeIgniter->handleRequest(null, Object(Config\Cache), false)
12 FCPATH\index.php(79): CodeIgniter\CodeIgniter->run()
CRITICAL - 2025-03-13 19:04:08 --> [Caused by] mysqli_sql_exception: Duplicate entry 'corbeau.pale@gmail.com' for key 'email'
in SYSTEMPATH\Database\MySQLi\Connection.php on line 306.
 1 SYSTEMPATH\Database\MySQLi\Connection.php(306): mysqli->query('INSERT INTO `utilisateur` (`nom`, `prenom`, `email`, `motDePasse`, `photo`) VALUES (\'Nat\', \'Chmen\', \'corbeau.pale@gmail.com\', \'$2y$10$v0GGfqHEjtEo24fodL.kWedrnLr3TgI2Wy7t1ILQQz0gJ2FcEUoA.\', \'uploads/1741892648_d0f9bd11fe6cb0c9f233.jpg\')', 0)
 2 SYSTEMPATH\Database\BaseConnection.php(693): CodeIgniter\Database\MySQLi\Connection->execute('INSERT INTO `utilisateur` (`nom`, `prenom`, `email`, `motDePasse`, `photo`) VALUES (\'Nat\', \'Chmen\', \'corbeau.pale@gmail.com\', \'$2y$10$v0GGfqHEjtEo24fodL.kWedrnLr3TgI2Wy7t1ILQQz0gJ2FcEUoA.\', \'uploads/1741892648_d0f9bd11fe6cb0c9f233.jpg\')')
 3 SYSTEMPATH\Database\BaseConnection.php(607): CodeIgniter\Database\BaseConnection->simpleQuery('INSERT INTO `utilisateur` (`nom`, `prenom`, `email`, `motDePasse`, `photo`) VALUES (\'Nat\', \'Chmen\', \'corbeau.pale@gmail.com\', \'$2y$10$v0GGfqHEjtEo24fodL.kWedrnLr3TgI2Wy7t1ILQQz0gJ2FcEUoA.\', \'uploads/1741892648_d0f9bd11fe6cb0c9f233.jpg\')')
 4 SYSTEMPATH\Database\BaseBuilder.php(2302): CodeIgniter\Database\BaseConnection->query('INSERT INTO `utilisateur` (`nom`, `prenom`, `email`, `motDePasse`, `photo`) VALUES (:nom:, :prenom:, :email:, :motDePasse:, :photo:)', [...], false)
 5 SYSTEMPATH\Model.php(326): CodeIgniter\Database\BaseBuilder->insert()
 6 SYSTEMPATH\BaseModel.php(802): CodeIgniter\Model->doInsert([...])
 7 SYSTEMPATH\Model.php(744): CodeIgniter\BaseModel->insert([...], false)
 8 SYSTEMPATH\BaseModel.php(713): CodeIgniter\Model->insert([...], false)
 9 APPPATH\Controllers\UserController.php(33): CodeIgniter\BaseModel->save([...])
10 SYSTEMPATH\CodeIgniter.php(941): App\Controllers\UserController->createAccount()
11 SYSTEMPATH\CodeIgniter.php(502): CodeIgniter\CodeIgniter->runController(Object(App\Controllers\UserController))
12 SYSTEMPATH\CodeIgniter.php(361): CodeIgniter\CodeIgniter->handleRequest(null, Object(Config\Cache), false)
13 FCPATH\index.php(79): CodeIgniter\CodeIgniter->run()
ERROR - 2025-03-13 19:04:19 --> mysqli_sql_exception: Duplicate entry 'corbeau.pale@gmail.com' for key 'email' in C:\xampp\htdocs\locationMaisons\system\Database\MySQLi\Connection.php:306
Stack trace:
#0 C:\xampp\htdocs\locationMaisons\system\Database\MySQLi\Connection.php(306): mysqli->query('INSERT INTO `ut...', 0)
#1 C:\xampp\htdocs\locationMaisons\system\Database\BaseConnection.php(693): CodeIgniter\Database\MySQLi\Connection->execute('INSERT INTO `ut...')
#2 C:\xampp\htdocs\locationMaisons\system\Database\BaseConnection.php(607): CodeIgniter\Database\BaseConnection->simpleQuery('INSERT INTO `ut...')
#3 C:\xampp\htdocs\locationMaisons\system\Database\BaseBuilder.php(2302): CodeIgniter\Database\BaseConnection->query('INSERT INTO `ut...', Array, false)
#4 C:\xampp\htdocs\locationMaisons\system\Model.php(326): CodeIgniter\Database\BaseBuilder->insert()
#5 C:\xampp\htdocs\locationMaisons\system\BaseModel.php(802): CodeIgniter\Model->doInsert(Array)
#6 C:\xampp\htdocs\locationMaisons\system\Model.php(744): CodeIgniter\BaseModel->insert(Array, false)
#7 C:\xampp\htdocs\locationMaisons\system\BaseModel.php(713): CodeIgniter\Model->insert(Array, false)
#8 C:\xampp\htdocs\locationMaisons\app\Controllers\UserController.php(33): CodeIgniter\BaseModel->save(Array)
#9 C:\xampp\htdocs\locationMaisons\system\CodeIgniter.php(941): App\Controllers\UserController->createAccount()
#10 C:\xampp\htdocs\locationMaisons\system\CodeIgniter.php(502): CodeIgniter\CodeIgniter->runController(Object(App\Controllers\UserController))
#11 C:\xampp\htdocs\locationMaisons\system\CodeIgniter.php(361): CodeIgniter\CodeIgniter->handleRequest(NULL, Object(Config\Cache), false)
#12 C:\xampp\htdocs\locationMaisons\index.php(79): CodeIgniter\CodeIgniter->run()
#13 {main}
CRITICAL - 2025-03-13 19:04:19 --> CodeIgniter\Database\Exceptions\DatabaseException: Duplicate entry 'corbeau.pale@gmail.com' for key 'email'
in SYSTEMPATH\Database\BaseConnection.php on line 647.
 1 SYSTEMPATH\Database\BaseBuilder.php(2302): CodeIgniter\Database\BaseConnection->query('INSERT INTO `utilisateur` (`nom`, `prenom`, `email`, `motDePasse`, `photo`) VALUES (:nom:, :prenom:, :email:, :motDePasse:, :photo:)', [...], false)
 2 SYSTEMPATH\Model.php(326): CodeIgniter\Database\BaseBuilder->insert()
 3 SYSTEMPATH\BaseModel.php(802): CodeIgniter\Model->doInsert([...])
 4 SYSTEMPATH\Model.php(744): CodeIgniter\BaseModel->insert([...], false)
 5 SYSTEMPATH\BaseModel.php(713): CodeIgniter\Model->insert([...], false)
 6 APPPATH\Controllers\UserController.php(33): CodeIgniter\BaseModel->save([...])
 7 SYSTEMPATH\CodeIgniter.php(941): App\Controllers\UserController->createAccount()
 8 SYSTEMPATH\CodeIgniter.php(502): CodeIgniter\CodeIgniter->runController(Object(App\Controllers\UserController))
 9 SYSTEMPATH\CodeIgniter.php(361): CodeIgniter\CodeIgniter->handleRequest(null, Object(Config\Cache), false)
10 FCPATH\index.php(79): CodeIgniter\CodeIgniter->run()
CRITICAL - 2025-03-13 19:04:19 --> [Caused by] CodeIgniter\Database\Exceptions\DatabaseException: Duplicate entry 'corbeau.pale@gmail.com' for key 'email'
in SYSTEMPATH\Database\MySQLi\Connection.php on line 311.
 1 SYSTEMPATH\Database\BaseConnection.php(693): CodeIgniter\Database\MySQLi\Connection->execute('INSERT INTO `utilisateur` (`nom`, `prenom`, `email`, `motDePasse`, `photo`) VALUES (\'Nat\', \'Chmen\', \'corbeau.pale@gmail.com\', \'$2y$10$Cop4W./8veLfUEfuykcj1uUR18DQagcur0hlaPW0d4aZWLZYPOVCC\', \'uploads/1741892659_43c7876b18e6af043197.jpg\')')
 2 SYSTEMPATH\Database\BaseConnection.php(607): CodeIgniter\Database\BaseConnection->simpleQuery('INSERT INTO `utilisateur` (`nom`, `prenom`, `email`, `motDePasse`, `photo`) VALUES (\'Nat\', \'Chmen\', \'corbeau.pale@gmail.com\', \'$2y$10$Cop4W./8veLfUEfuykcj1uUR18DQagcur0hlaPW0d4aZWLZYPOVCC\', \'uploads/1741892659_43c7876b18e6af043197.jpg\')')
 3 SYSTEMPATH\Database\BaseBuilder.php(2302): CodeIgniter\Database\BaseConnection->query('INSERT INTO `utilisateur` (`nom`, `prenom`, `email`, `motDePasse`, `photo`) VALUES (:nom:, :prenom:, :email:, :motDePasse:, :photo:)', [...], false)
 4 SYSTEMPATH\Model.php(326): CodeIgniter\Database\BaseBuilder->insert()
 5 SYSTEMPATH\BaseModel.php(802): CodeIgniter\Model->doInsert([...])
 6 SYSTEMPATH\Model.php(744): CodeIgniter\BaseModel->insert([...], false)
 7 SYSTEMPATH\BaseModel.php(713): CodeIgniter\Model->insert([...], false)
 8 APPPATH\Controllers\UserController.php(33): CodeIgniter\BaseModel->save([...])
 9 SYSTEMPATH\CodeIgniter.php(941): App\Controllers\UserController->createAccount()
10 SYSTEMPATH\CodeIgniter.php(502): CodeIgniter\CodeIgniter->runController(Object(App\Controllers\UserController))
11 SYSTEMPATH\CodeIgniter.php(361): CodeIgniter\CodeIgniter->handleRequest(null, Object(Config\Cache), false)
12 FCPATH\index.php(79): CodeIgniter\CodeIgniter->run()
CRITICAL - 2025-03-13 19:04:19 --> [Caused by] mysqli_sql_exception: Duplicate entry 'corbeau.pale@gmail.com' for key 'email'
in SYSTEMPATH\Database\MySQLi\Connection.php on line 306.
 1 SYSTEMPATH\Database\MySQLi\Connection.php(306): mysqli->query('INSERT INTO `utilisateur` (`nom`, `prenom`, `email`, `motDePasse`, `photo`) VALUES (\'Nat\', \'Chmen\', \'corbeau.pale@gmail.com\', \'$2y$10$Cop4W./8veLfUEfuykcj1uUR18DQagcur0hlaPW0d4aZWLZYPOVCC\', \'uploads/1741892659_43c7876b18e6af043197.jpg\')', 0)
 2 SYSTEMPATH\Database\BaseConnection.php(693): CodeIgniter\Database\MySQLi\Connection->execute('INSERT INTO `utilisateur` (`nom`, `prenom`, `email`, `motDePasse`, `photo`) VALUES (\'Nat\', \'Chmen\', \'corbeau.pale@gmail.com\', \'$2y$10$Cop4W./8veLfUEfuykcj1uUR18DQagcur0hlaPW0d4aZWLZYPOVCC\', \'uploads/1741892659_43c7876b18e6af043197.jpg\')')
 3 SYSTEMPATH\Database\BaseConnection.php(607): CodeIgniter\Database\BaseConnection->simpleQuery('INSERT INTO `utilisateur` (`nom`, `prenom`, `email`, `motDePasse`, `photo`) VALUES (\'Nat\', \'Chmen\', \'corbeau.pale@gmail.com\', \'$2y$10$Cop4W./8veLfUEfuykcj1uUR18DQagcur0hlaPW0d4aZWLZYPOVCC\', \'uploads/1741892659_43c7876b18e6af043197.jpg\')')
 4 SYSTEMPATH\Database\BaseBuilder.php(2302): CodeIgniter\Database\BaseConnection->query('INSERT INTO `utilisateur` (`nom`, `prenom`, `email`, `motDePasse`, `photo`) VALUES (:nom:, :prenom:, :email:, :motDePasse:, :photo:)', [...], false)
 5 SYSTEMPATH\Model.php(326): CodeIgniter\Database\BaseBuilder->insert()
 6 SYSTEMPATH\BaseModel.php(802): CodeIgniter\Model->doInsert([...])
 7 SYSTEMPATH\Model.php(744): CodeIgniter\BaseModel->insert([...], false)
 8 SYSTEMPATH\BaseModel.php(713): CodeIgniter\Model->insert([...], false)
 9 APPPATH\Controllers\UserController.php(33): CodeIgniter\BaseModel->save([...])
10 SYSTEMPATH\CodeIgniter.php(941): App\Controllers\UserController->createAccount()
11 SYSTEMPATH\CodeIgniter.php(502): CodeIgniter\CodeIgniter->runController(Object(App\Controllers\UserController))
12 SYSTEMPATH\CodeIgniter.php(361): CodeIgniter\CodeIgniter->handleRequest(null, Object(Config\Cache), false)
13 FCPATH\index.php(79): CodeIgniter\CodeIgniter->run()
ERROR - 2025-03-13 19:04:54 --> mysqli_sql_exception: Duplicate entry 'corbeau.pale@gmail.com' for key 'email' in C:\xampp\htdocs\locationMaisons\system\Database\MySQLi\Connection.php:306
Stack trace:
#0 C:\xampp\htdocs\locationMaisons\system\Database\MySQLi\Connection.php(306): mysqli->query('INSERT INTO `ut...', 0)
#1 C:\xampp\htdocs\locationMaisons\system\Database\BaseConnection.php(693): CodeIgniter\Database\MySQLi\Connection->execute('INSERT INTO `ut...')
#2 C:\xampp\htdocs\locationMaisons\system\Database\BaseConnection.php(607): CodeIgniter\Database\BaseConnection->simpleQuery('INSERT INTO `ut...')
#3 C:\xampp\htdocs\locationMaisons\system\Database\BaseBuilder.php(2302): CodeIgniter\Database\BaseConnection->query('INSERT INTO `ut...', Array, false)
#4 C:\xampp\htdocs\locationMaisons\system\Model.php(326): CodeIgniter\Database\BaseBuilder->insert()
#5 C:\xampp\htdocs\locationMaisons\system\BaseModel.php(802): CodeIgniter\Model->doInsert(Array)
#6 C:\xampp\htdocs\locationMaisons\system\Model.php(744): CodeIgniter\BaseModel->insert(Array, false)
#7 C:\xampp\htdocs\locationMaisons\system\BaseModel.php(713): CodeIgniter\Model->insert(Array, false)
#8 C:\xampp\htdocs\locationMaisons\app\Controllers\UserController.php(33): CodeIgniter\BaseModel->save(Array)
#9 C:\xampp\htdocs\locationMaisons\system\CodeIgniter.php(941): App\Controllers\UserController->createAccount()
#10 C:\xampp\htdocs\locationMaisons\system\CodeIgniter.php(502): CodeIgniter\CodeIgniter->runController(Object(App\Controllers\UserController))
#11 C:\xampp\htdocs\locationMaisons\system\CodeIgniter.php(361): CodeIgniter\CodeIgniter->handleRequest(NULL, Object(Config\Cache), false)
#12 C:\xampp\htdocs\locationMaisons\index.php(79): CodeIgniter\CodeIgniter->run()
#13 {main}
CRITICAL - 2025-03-13 19:04:54 --> CodeIgniter\Database\Exceptions\DatabaseException: Duplicate entry 'corbeau.pale@gmail.com' for key 'email'
in SYSTEMPATH\Database\BaseConnection.php on line 647.
 1 SYSTEMPATH\Database\BaseBuilder.php(2302): CodeIgniter\Database\BaseConnection->query('INSERT INTO `utilisateur` (`nom`, `prenom`, `email`, `motDePasse`, `photo`) VALUES (:nom:, :prenom:, :email:, :motDePasse:, :photo:)', [...], false)
 2 SYSTEMPATH\Model.php(326): CodeIgniter\Database\BaseBuilder->insert()
 3 SYSTEMPATH\BaseModel.php(802): CodeIgniter\Model->doInsert([...])
 4 SYSTEMPATH\Model.php(744): CodeIgniter\BaseModel->insert([...], false)
 5 SYSTEMPATH\BaseModel.php(713): CodeIgniter\Model->insert([...], false)
 6 APPPATH\Controllers\UserController.php(33): CodeIgniter\BaseModel->save([...])
 7 SYSTEMPATH\CodeIgniter.php(941): App\Controllers\UserController->createAccount()
 8 SYSTEMPATH\CodeIgniter.php(502): CodeIgniter\CodeIgniter->runController(Object(App\Controllers\UserController))
 9 SYSTEMPATH\CodeIgniter.php(361): CodeIgniter\CodeIgniter->handleRequest(null, Object(Config\Cache), false)
10 FCPATH\index.php(79): CodeIgniter\CodeIgniter->run()
CRITICAL - 2025-03-13 19:04:54 --> [Caused by] CodeIgniter\Database\Exceptions\DatabaseException: Duplicate entry 'corbeau.pale@gmail.com' for key 'email'
in SYSTEMPATH\Database\MySQLi\Connection.php on line 311.
 1 SYSTEMPATH\Database\BaseConnection.php(693): CodeIgniter\Database\MySQLi\Connection->execute('INSERT INTO `utilisateur` (`nom`, `prenom`, `email`, `motDePasse`, `photo`) VALUES (\'Nat\', \'Chmen\', \'corbeau.pale@gmail.com\', \'$2y$10$Dq5EUsF/yQzFzIoOEB4l2uqISGpAeG8tj44Plc0QJGPUTEwjs5lsK\', \'uploads/1741892694_46cfb4d086686322c922.jpg\')')
 2 SYSTEMPATH\Database\BaseConnection.php(607): CodeIgniter\Database\BaseConnection->simpleQuery('INSERT INTO `utilisateur` (`nom`, `prenom`, `email`, `motDePasse`, `photo`) VALUES (\'Nat\', \'Chmen\', \'corbeau.pale@gmail.com\', \'$2y$10$Dq5EUsF/yQzFzIoOEB4l2uqISGpAeG8tj44Plc0QJGPUTEwjs5lsK\', \'uploads/1741892694_46cfb4d086686322c922.jpg\')')
 3 SYSTEMPATH\Database\BaseBuilder.php(2302): CodeIgniter\Database\BaseConnection->query('INSERT INTO `utilisateur` (`nom`, `prenom`, `email`, `motDePasse`, `photo`) VALUES (:nom:, :prenom:, :email:, :motDePasse:, :photo:)', [...], false)
 4 SYSTEMPATH\Model.php(326): CodeIgniter\Database\BaseBuilder->insert()
 5 SYSTEMPATH\BaseModel.php(802): CodeIgniter\Model->doInsert([...])
 6 SYSTEMPATH\Model.php(744): CodeIgniter\BaseModel->insert([...], false)
 7 SYSTEMPATH\BaseModel.php(713): CodeIgniter\Model->insert([...], false)
 8 APPPATH\Controllers\UserController.php(33): CodeIgniter\BaseModel->save([...])
 9 SYSTEMPATH\CodeIgniter.php(941): App\Controllers\UserController->createAccount()
10 SYSTEMPATH\CodeIgniter.php(502): CodeIgniter\CodeIgniter->runController(Object(App\Controllers\UserController))
11 SYSTEMPATH\CodeIgniter.php(361): CodeIgniter\CodeIgniter->handleRequest(null, Object(Config\Cache), false)
12 FCPATH\index.php(79): CodeIgniter\CodeIgniter->run()
CRITICAL - 2025-03-13 19:04:54 --> [Caused by] mysqli_sql_exception: Duplicate entry 'corbeau.pale@gmail.com' for key 'email'
in SYSTEMPATH\Database\MySQLi\Connection.php on line 306.
 1 SYSTEMPATH\Database\MySQLi\Connection.php(306): mysqli->query('INSERT INTO `utilisateur` (`nom`, `prenom`, `email`, `motDePasse`, `photo`) VALUES (\'Nat\', \'Chmen\', \'corbeau.pale@gmail.com\', \'$2y$10$Dq5EUsF/yQzFzIoOEB4l2uqISGpAeG8tj44Plc0QJGPUTEwjs5lsK\', \'uploads/1741892694_46cfb4d086686322c922.jpg\')', 0)
 2 SYSTEMPATH\Database\BaseConnection.php(693): CodeIgniter\Database\MySQLi\Connection->execute('INSERT INTO `utilisateur` (`nom`, `prenom`, `email`, `motDePasse`, `photo`) VALUES (\'Nat\', \'Chmen\', \'corbeau.pale@gmail.com\', \'$2y$10$Dq5EUsF/yQzFzIoOEB4l2uqISGpAeG8tj44Plc0QJGPUTEwjs5lsK\', \'uploads/1741892694_46cfb4d086686322c922.jpg\')')
 3 SYSTEMPATH\Database\BaseConnection.php(607): CodeIgniter\Database\BaseConnection->simpleQuery('INSERT INTO `utilisateur` (`nom`, `prenom`, `email`, `motDePasse`, `photo`) VALUES (\'Nat\', \'Chmen\', \'corbeau.pale@gmail.com\', \'$2y$10$Dq5EUsF/yQzFzIoOEB4l2uqISGpAeG8tj44Plc0QJGPUTEwjs5lsK\', \'uploads/1741892694_46cfb4d086686322c922.jpg\')')
 4 SYSTEMPATH\Database\BaseBuilder.php(2302): CodeIgniter\Database\BaseConnection->query('INSERT INTO `utilisateur` (`nom`, `prenom`, `email`, `motDePasse`, `photo`) VALUES (:nom:, :prenom:, :email:, :motDePasse:, :photo:)', [...], false)
 5 SYSTEMPATH\Model.php(326): CodeIgniter\Database\BaseBuilder->insert()
 6 SYSTEMPATH\BaseModel.php(802): CodeIgniter\Model->doInsert([...])
 7 SYSTEMPATH\Model.php(744): CodeIgniter\BaseModel->insert([...], false)
 8 SYSTEMPATH\BaseModel.php(713): CodeIgniter\Model->insert([...], false)
 9 APPPATH\Controllers\UserController.php(33): CodeIgniter\BaseModel->save([...])
10 SYSTEMPATH\CodeIgniter.php(941): App\Controllers\UserController->createAccount()
11 SYSTEMPATH\CodeIgniter.php(502): CodeIgniter\CodeIgniter->runController(Object(App\Controllers\UserController))
12 SYSTEMPATH\CodeIgniter.php(361): CodeIgniter\CodeIgniter->handleRequest(null, Object(Config\Cache), false)
13 FCPATH\index.php(79): CodeIgniter\CodeIgniter->run()
CRITICAL - 2025-03-13 19:09:52 --> ErrorException: Trying to access array offset on value of type null
in APPPATH\Views\userData.php on line 35.
 1 APPPATH\Views\userData.php(35): CodeIgniter\Debug\Exceptions->errorHandler(2, 'Trying to access array offset on value of type null', 'C:\\xampp\\htdocs\\locationMaisons\\app\\Views\\userData.php', 35)
 2 SYSTEMPATH\View\View.php(228): include('C:\\xampp\\htdocs\\locationMaisons\\app\\Views\\userData.php')
 3 SYSTEMPATH\View\View.php(231): CodeIgniter\View\View->CodeIgniter\View\{closure}()
 4 SYSTEMPATH\Common.php(1178): CodeIgniter\View\View->render('userData', [], true)
 5 APPPATH\Controllers\UserController.php(87): view('userData', [...])
 6 SYSTEMPATH\CodeIgniter.php(941): App\Controllers\UserController->showUserInfo()
 7 SYSTEMPATH\CodeIgniter.php(502): CodeIgniter\CodeIgniter->runController(Object(App\Controllers\UserController))
 8 SYSTEMPATH\CodeIgniter.php(361): CodeIgniter\CodeIgniter->handleRequest(null, Object(Config\Cache), false)
 9 FCPATH\index.php(79): CodeIgniter\CodeIgniter->run()
